ARM GAS  C:\Users\ADMINI~1\AppData\Local\Temp\ccsk8Idy.s 			page 1


   1              		.cpu cortex-m3
   2              		.arch armv7-m
   3              		.fpu softvfp
   4              		.eabi_attribute 20, 1
   5              		.eabi_attribute 21, 1
   6              		.eabi_attribute 23, 3
   7              		.eabi_attribute 24, 1
   8              		.eabi_attribute 25, 1
   9              		.eabi_attribute 26, 1
  10              		.eabi_attribute 30, 1
  11              		.eabi_attribute 34, 1
  12              		.eabi_attribute 18, 4
  13              		.file	"general_cal.c"
  14              		.text
  15              	.Ltext0:
  16              		.cfi_sections	.debug_frame
  17              		.section	.text.CAL_GetTime,"ax",%progbits
  18              		.align	1
  19              		.global	CAL_GetTime
  20              		.syntax unified
  21              		.thumb
  22              		.thumb_func
  24              	CAL_GetTime:
  25              	.LFB65:
  26              		.file 1 "App/SmartDevice/CAL/general_cal.c"
   1:App/SmartDevice/CAL/general_cal.c **** #include "general_cal.h"
   2:App/SmartDevice/CAL/general_cal.c **** 
   3:App/SmartDevice/CAL/general_cal.c **** int CAL_GetTime()
   4:App/SmartDevice/CAL/general_cal.c **** {
  27              		.loc 1 4 1 view -0
  28              		.cfi_startproc
  29              		@ args = 0, pretend = 0, frame = 0
  30              		@ frame_needed = 0, uses_anonymous_args = 0
  31 0000 08B5     		push	{r3, lr}
  32              	.LCFI0:
  33              		.cfi_def_cfa_offset 8
  34              		.cfi_offset 3, -8
  35              		.cfi_offset 14, -4
   5:App/SmartDevice/CAL/general_cal.c ****     return HAL_GetTick();
  36              		.loc 1 5 5 view .LVU1
  37              		.loc 1 5 12 is_stmt 0 view .LVU2
  38 0002 FFF7FEFF 		bl	HAL_GetTick
  39              	.LVL0:
   6:App/SmartDevice/CAL/general_cal.c **** }
  40              		.loc 1 6 1 view .LVU3
  41 0006 08BD     		pop	{r3, pc}
  42              		.cfi_endproc
  43              	.LFE65:
  45              		.section	.text.CAL_Delay,"ax",%progbits
  46              		.align	1
  47              		.global	CAL_Delay
  48              		.syntax unified
  49              		.thumb
  50              		.thumb_func
  52              	CAL_Delay:
  53              	.LVL1:
  54              	.LFB66:
ARM GAS  C:\Users\ADMINI~1\AppData\Local\Temp\ccsk8Idy.s 			page 2


   7:App/SmartDevice/CAL/general_cal.c **** 
   8:App/SmartDevice/CAL/general_cal.c **** void CAL_Delay(int count)
   9:App/SmartDevice/CAL/general_cal.c **** {
  55              		.loc 1 9 1 is_stmt 1 view -0
  56              		.cfi_startproc
  57              		@ args = 0, pretend = 0, frame = 0
  58              		@ frame_needed = 0, uses_anonymous_args = 0
  59              		.loc 1 9 1 is_stmt 0 view .LVU5
  60 0000 08B5     		push	{r3, lr}
  61              	.LCFI1:
  62              		.cfi_def_cfa_offset 8
  63              		.cfi_offset 3, -8
  64              		.cfi_offset 14, -4
  10:App/SmartDevice/CAL/general_cal.c ****     HAL_Delay(count);
  65              		.loc 1 10 5 is_stmt 1 view .LVU6
  66 0002 FFF7FEFF 		bl	HAL_Delay
  67              	.LVL2:
  11:App/SmartDevice/CAL/general_cal.c **** }...
  68              		.loc 1 11 1 is_stmt 0 view .LVU7
  69 0006 08BD     		pop	{r3, pc}
  70              		.cfi_endproc
  71              	.LFE66:
  73              		.text
  74              	.Letext0:
  75              		.file 2 "Drivers/STM32F1xx_HAL_Driver/Inc/stm32f1xx_hal.h"
ARM GAS  C:\Users\ADMINI~1\AppData\Local\Temp\ccsk8Idy.s 			page 3


DEFINED SYMBOLS
                            *ABS*:0000000000000000 general_cal.c
C:\Users\ADMINI~1\AppData\Local\Temp\ccsk8Idy.s:18     .text.CAL_GetTime:0000000000000000 $t
C:\Users\ADMINI~1\AppData\Local\Temp\ccsk8Idy.s:24     .text.CAL_GetTime:0000000000000000 CAL_GetTime
C:\Users\ADMINI~1\AppData\Local\Temp\ccsk8Idy.s:46     .text.CAL_Delay:0000000000000000 $t
C:\Users\ADMINI~1\AppData\Local\Temp\ccsk8Idy.s:52     .text.CAL_Delay:0000000000000000 CAL_Delay

UNDEFINED SYMBOLS
HAL_GetTick
HAL_Delay
