ARM GAS  C:\Users\ADMINI~1\AppData\Local\Temp\ccqB5mjq.s 			page 1


   1              		.cpu cortex-m3
   2              		.arch armv7-m
   3              		.fpu softvfp
   4              		.eabi_attribute 20, 1
   5              		.eabi_attribute 21, 1
   6              		.eabi_attribute 23, 3
   7              		.eabi_attribute 24, 1
   8              		.eabi_attribute 25, 1
   9              		.eabi_attribute 26, 1
  10              		.eabi_attribute 30, 1
  11              		.eabi_attribute 34, 1
  12              		.eabi_attribute 18, 4
  13              		.file	"input_cal.c"
  14              		.text
  15              	.Ltext0:
  16              		.cfi_sections	.debug_frame
  17              		.section	.text.CAL_GpioKeyInit,"ax",%progbits
  18              		.align	1
  19              		.global	CAL_GpioKeyInit
  20              		.syntax unified
  21              		.thumb
  22              		.thumb_func
  24              	CAL_GpioKeyInit:
  25              	.LFB68:
  26              		.file 1 "App/SmartDevice/CAL/input_cal.c"
   1:App/SmartDevice/CAL/input_cal.c **** #include "input_cal.h"
   2:App/SmartDevice/CAL/input_cal.c **** 
   3:App/SmartDevice/CAL/input_cal.c **** void CAL_GpioKeyInit()
   4:App/SmartDevice/CAL/input_cal.c **** {
  27              		.loc 1 4 1 view -0
  28              		.cfi_startproc
  29              		@ args = 0, pretend = 0, frame = 0
  30              		@ frame_needed = 0, uses_anonymous_args = 0
  31 0000 08B5     		push	{r3, lr}
  32              	.LCFI0:
  33              		.cfi_def_cfa_offset 8
  34              		.cfi_offset 3, -8
  35              		.cfi_offset 14, -4
   5:App/SmartDevice/CAL/input_cal.c ****     /* 调用芯片相关的代码，注册GPIO中断 */
   6:App/SmartDevice/CAL/input_cal.c ****     Key_Init();
  36              		.loc 1 6 5 view .LVU1
  37 0002 FFF7FEFF 		bl	Key_Init
  38              	.LVL0:
   7:App/SmartDevice/CAL/input_cal.c **** }
  39              		.loc 1 7 1 is_stmt 0 view .LVU2
  40 0006 08BD     		pop	{r3, pc}
  41              		.cfi_endproc
  42              	.LFE68:
  44              		.section	.text.CAL_StdIoInit,"ax",%progbits
  45              		.align	1
  46              		.global	CAL_StdIoInit
  47              		.syntax unified
  48              		.thumb
  49              		.thumb_func
  51              	CAL_StdIoInit:
  52              	.LFB69:
   8:App/SmartDevice/CAL/input_cal.c **** 
ARM GAS  C:\Users\ADMINI~1\AppData\Local\Temp\ccqB5mjq.s 			page 2


   9:App/SmartDevice/CAL/input_cal.c **** 
  10:App/SmartDevice/CAL/input_cal.c **** void CAL_StdIoInit()
  11:App/SmartDevice/CAL/input_cal.c **** {
  53              		.loc 1 11 1 is_stmt 1 view -0
  54              		.cfi_startproc
  55              		@ args = 0, pretend = 0, frame = 0
  56              		@ frame_needed = 0, uses_anonymous_args = 0
  57 0000 08B5     		push	{r3, lr}
  58              	.LCFI1:
  59              		.cfi_def_cfa_offset 8
  60              		.cfi_offset 3, -8
  61              		.cfi_offset 14, -4
  12:App/SmartDevice/CAL/input_cal.c ****     EnablePrintfIRQ();
  62              		.loc 1 12 5 view .LVU4
  63 0002 FFF7FEFF 		bl	EnablePrintfIRQ
  64              	.LVL1:
  13:App/SmartDevice/CAL/input_cal.c **** }
  65              		.loc 1 13 1 is_stmt 0 view .LVU5
  66 0006 08BD     		pop	{r3, pc}
  67              		.cfi_endproc
  68              	.LFE69:
  70              		.text
  71              	.Letext0:
  72              		.file 2 "App/SmartDevice/ModuleDriver/uart_driver.h"
  73              		.file 3 "App/SmartDevice/ModuleDriver/key_Driver.h"
ARM GAS  C:\Users\ADMINI~1\AppData\Local\Temp\ccqB5mjq.s 			page 3


DEFINED SYMBOLS
                            *ABS*:0000000000000000 input_cal.c
C:\Users\ADMINI~1\AppData\Local\Temp\ccqB5mjq.s:18     .text.CAL_GpioKeyInit:0000000000000000 $t
C:\Users\ADMINI~1\AppData\Local\Temp\ccqB5mjq.s:24     .text.CAL_GpioKeyInit:0000000000000000 CAL_GpioKeyInit
C:\Users\ADMINI~1\AppData\Local\Temp\ccqB5mjq.s:45     .text.CAL_StdIoInit:0000000000000000 $t
C:\Users\ADMINI~1\AppData\Local\Temp\ccqB5mjq.s:51     .text.CAL_StdIoInit:0000000000000000 CAL_StdIoInit

UNDEFINED SYMBOLS
Key_Init
EnablePrintfIRQ
