ARM GAS  C:\Users\ADMINI~1\AppData\Local\Temp\ccww3zSH.s 			page 1


   1              		.cpu cortex-m3
   2              		.arch armv7-m
   3              		.fpu softvfp
   4              		.eabi_attribute 20, 1
   5              		.eabi_attribute 21, 1
   6              		.eabi_attribute 23, 3
   7              		.eabi_attribute 24, 1
   8              		.eabi_attribute 25, 1
   9              		.eabi_attribute 26, 1
  10              		.eabi_attribute 30, 1
  11              		.eabi_attribute 34, 1
  12              		.eabi_attribute 18, 4
  13              		.file	"main.c"
  14              		.text
  15              	.Ltext0:
  16              		.cfi_sections	.debug_frame
  17              		.section	.text.SmartDeviceInit,"ax",%progbits
  18              		.align	1
  19              		.global	SmartDeviceInit
  20              		.syntax unified
  21              		.thumb
  22              		.thumb_func
  24              	SmartDeviceInit:
  25              	.LFB68:
  26              		.file 1 "Core/Src/main.c"
   1:Core/Src/main.c **** /* USER CODE BEGIN Header */
   2:Core/Src/main.c **** /**
   3:Core/Src/main.c ****  ******************************************************************************
   4:Core/Src/main.c ****  * @file           : main.c
   5:Core/Src/main.c ****  * @brief          : Main program body
   6:Core/Src/main.c ****  ******************************************************************************
   7:Core/Src/main.c ****  * @attention
   8:Core/Src/main.c ****  *
   9:Core/Src/main.c ****  * Copyright (c) 2024 STMicroelectronics.
  10:Core/Src/main.c ****  * All rights reserved.
  11:Core/Src/main.c ****  *
  12:Core/Src/main.c ****  * This software is licensed under terms that can be found in the LICENSE file
  13:Core/Src/main.c ****  * in the root directory of this software component.
  14:Core/Src/main.c ****  * If no LICENSE file comes with this software, it is provided AS-IS.
  15:Core/Src/main.c ****  *
  16:Core/Src/main.c ****  ******************************************************************************
  17:Core/Src/main.c ****  */
  18:Core/Src/main.c **** /* USER CODE END Header */
  19:Core/Src/main.c **** /* Includes ------------------------------------------------------------------*/
  20:Core/Src/main.c **** #include "main.h"
  21:Core/Src/main.c **** #include "i2c.h"
  22:Core/Src/main.c **** #include "usart.h"
  23:Core/Src/main.c **** #include "gpio.h"
  24:Core/Src/main.c **** 
  25:Core/Src/main.c **** /* Private includes ----------------------------------------------------------*/
  26:Core/Src/main.c **** /* USER CODE BEGIN Includes */
  27:Core/Src/main.c **** #include "stdio.h"
  28:Core/Src/main.c **** #include "uart_driver.h"
  29:Core/Src/main.c **** #include "stm32f1xx_hal_i2c.h"
  30:Core/Src/main.c **** #include "input_System.h"
  31:Core/Src/main.c **** /* USER CODE END Includes */
  32:Core/Src/main.c **** 
ARM GAS  C:\Users\ADMINI~1\AppData\Local\Temp\ccww3zSH.s 			page 2


  33:Core/Src/main.c **** /* Private typedef -----------------------------------------------------------*/
  34:Core/Src/main.c **** /* USER CODE BEGIN PTD */
  35:Core/Src/main.c **** 
  36:Core/Src/main.c **** /* USER CODE END PTD */
  37:Core/Src/main.c **** 
  38:Core/Src/main.c **** /* Private define ------------------------------------------------------------*/
  39:Core/Src/main.c **** /* USER CODE BEGIN PD */
  40:Core/Src/main.c **** 
  41:Core/Src/main.c **** /* USER CODE END PD */
  42:Core/Src/main.c **** 
  43:Core/Src/main.c **** /* Private macro -------------------------------------------------------------*/
  44:Core/Src/main.c **** /* USER CODE BEGIN PM */
  45:Core/Src/main.c **** 
  46:Core/Src/main.c **** /* USER CODE END PM */
  47:Core/Src/main.c **** 
  48:Core/Src/main.c **** /* Private variables ---------------------------------------------------------*/
  49:Core/Src/main.c **** 
  50:Core/Src/main.c **** /* USER CODE BEGIN PV */
  51:Core/Src/main.c **** 
  52:Core/Src/main.c **** /* USER CODE END PV */
  53:Core/Src/main.c **** 
  54:Core/Src/main.c **** /* Private function prototypes -----------------------------------------------*/
  55:Core/Src/main.c **** void SystemClock_Config(void);
  56:Core/Src/main.c **** /* USER CODE BEGIN PFP */
  57:Core/Src/main.c **** 
  58:Core/Src/main.c **** /* USER CODE END PFP */
  59:Core/Src/main.c **** 
  60:Core/Src/main.c **** /* Private user code ---------------------------------------------------------*/
  61:Core/Src/main.c **** /* USER CODE BEGIN 0 */
  62:Core/Src/main.c **** 
  63:Core/Src/main.c **** 
  64:Core/Src/main.c **** void SmartDeviceInit(void)
  65:Core/Src/main.c **** {
  27              		.loc 1 65 1 view -0
  28              		.cfi_startproc
  29              		@ args = 0, pretend = 0, frame = 0
  30              		@ frame_needed = 0, uses_anonymous_args = 0
  31 0000 08B5     		push	{r3, lr}
  32              	.LCFI0:
  33              		.cfi_def_cfa_offset 8
  34              		.cfi_offset 3, -8
  35              		.cfi_offset 14, -4
  66:Core/Src/main.c ****   AddInputDevices();
  36              		.loc 1 66 3 view .LVU1
  37 0002 FFF7FEFF 		bl	AddInputDevices
  38              	.LVL0:
  67:Core/Src/main.c ****   InitInputDevices();
  39              		.loc 1 67 3 view .LVU2
  40 0006 FFF7FEFF 		bl	InitInputDevices
  41              	.LVL1:
  68:Core/Src/main.c **** }
  42              		.loc 1 68 1 is_stmt 0 view .LVU3
  43 000a 08BD     		pop	{r3, pc}
  44              		.cfi_endproc
  45              	.LFE68:
  47              		.section	.rodata.Error_Handler.str1.4,"aMS",%progbits,1
  48              		.align	2
ARM GAS  C:\Users\ADMINI~1\AppData\Local\Temp\ccww3zSH.s 			page 3


  49              	.LC0:
  50 0000 4572726F 		.ascii	"Error.\015\000"
  50      722E0D00 
  51              		.section	.text.Error_Handler,"ax",%progbits
  52              		.align	1
  53              		.global	Error_Handler
  54              		.syntax unified
  55              		.thumb
  56              		.thumb_func
  58              	Error_Handler:
  59              	.LFB71:
  69:Core/Src/main.c **** 
  70:Core/Src/main.c **** 
  71:Core/Src/main.c **** 
  72:Core/Src/main.c **** /* USER CODE END 0 */
  73:Core/Src/main.c **** 
  74:Core/Src/main.c **** /**
  75:Core/Src/main.c ****  * @brief  The application entry point.
  76:Core/Src/main.c ****  * @retval int
  77:Core/Src/main.c ****  */
  78:Core/Src/main.c **** int main(void)
  79:Core/Src/main.c **** {
  80:Core/Src/main.c ****   /* USER CODE BEGIN 1 */
  81:Core/Src/main.c **** 
  82:Core/Src/main.c ****   /* USER CODE END 1 */
  83:Core/Src/main.c **** 
  84:Core/Src/main.c ****   /* MCU Configuration--------------------------------------------------------*/
  85:Core/Src/main.c **** 
  86:Core/Src/main.c ****   /* Reset of all peripherals, Initializes the Flash interface and the Systick. */
  87:Core/Src/main.c ****   HAL_Init();
  88:Core/Src/main.c **** 
  89:Core/Src/main.c ****   /* USER CODE BEGIN Init */
  90:Core/Src/main.c **** 
  91:Core/Src/main.c ****   /* USER CODE END Init */
  92:Core/Src/main.c **** 
  93:Core/Src/main.c ****   /* Configure the system clock */
  94:Core/Src/main.c ****   SystemClock_Config();
  95:Core/Src/main.c **** 
  96:Core/Src/main.c ****   /* USER CODE BEGIN SysInit */
  97:Core/Src/main.c **** 
  98:Core/Src/main.c ****   /* USER CODE END SysInit */
  99:Core/Src/main.c **** 
 100:Core/Src/main.c ****   /* Initialize all configured peripherals */
 101:Core/Src/main.c ****   MX_GPIO_Init();
 102:Core/Src/main.c ****   MX_USART1_UART_Init();
 103:Core/Src/main.c ****   MX_USART3_UART_Init();
 104:Core/Src/main.c ****   MX_I2C1_Init();
 105:Core/Src/main.c ****   /* USER CODE BEGIN 2 */
 106:Core/Src/main.c **** 
 107:Core/Src/main.c ****   printf("Smart Device Start.\r\n");
 108:Core/Src/main.c **** 
 109:Core/Src/main.c ****   SmartDeviceInit();
 110:Core/Src/main.c **** 
 111:Core/Src/main.c **** 
 112:Core/Src/main.c ****   while (1)
 113:Core/Src/main.c ****   {
 114:Core/Src/main.c ****     /* USER CODE END WHILE */
ARM GAS  C:\Users\ADMINI~1\AppData\Local\Temp\ccww3zSH.s 			page 4


 115:Core/Src/main.c ****     /* USER CODE BEGIN 3 */
 116:Core/Src/main.c **** 
 117:Core/Src/main.c ****     // HAL_Delay(500);
 118:Core/Src/main.c ****   }
 119:Core/Src/main.c ****   /* USER CODE END 3 */
 120:Core/Src/main.c **** }
 121:Core/Src/main.c **** 
 122:Core/Src/main.c **** /**
 123:Core/Src/main.c ****  * @brief System Clock Configuration
 124:Core/Src/main.c ****  * @retval None
 125:Core/Src/main.c ****  */
 126:Core/Src/main.c **** void SystemClock_Config(void)
 127:Core/Src/main.c **** {
 128:Core/Src/main.c ****   RCC_OscInitTypeDef RCC_OscInitStruct = {0};
 129:Core/Src/main.c ****   RCC_ClkInitTypeDef RCC_ClkInitStruct = {0};
 130:Core/Src/main.c **** 
 131:Core/Src/main.c ****   /** Initializes the RCC Oscillators according to the specified parameters
 132:Core/Src/main.c ****    * in the RCC_OscInitTypeDef structure.
 133:Core/Src/main.c ****    */
 134:Core/Src/main.c ****   RCC_OscInitStruct.OscillatorType = RCC_OSCILLATORTYPE_HSE;
 135:Core/Src/main.c ****   RCC_OscInitStruct.HSEState = RCC_HSE_ON;
 136:Core/Src/main.c ****   RCC_OscInitStruct.HSEPredivValue = RCC_HSE_PREDIV_DIV1;
 137:Core/Src/main.c ****   RCC_OscInitStruct.HSIState = RCC_HSI_ON;
 138:Core/Src/main.c ****   RCC_OscInitStruct.PLL.PLLState = RCC_PLL_ON;
 139:Core/Src/main.c ****   RCC_OscInitStruct.PLL.PLLSource = RCC_PLLSOURCE_HSE;
 140:Core/Src/main.c ****   RCC_OscInitStruct.PLL.PLLMUL = RCC_PLL_MUL9;
 141:Core/Src/main.c ****   if (HAL_RCC_OscConfig(&RCC_OscInitStruct) != HAL_OK)
 142:Core/Src/main.c ****   {
 143:Core/Src/main.c ****     Error_Handler();
 144:Core/Src/main.c ****   }
 145:Core/Src/main.c **** 
 146:Core/Src/main.c ****   /** Initializes the CPU, AHB and APB buses clocks
 147:Core/Src/main.c ****    */
 148:Core/Src/main.c ****   RCC_ClkInitStruct.ClockType = RCC_CLOCKTYPE_HCLK | RCC_CLOCKTYPE_SYSCLK | RCC_CLOCKTYPE_PCLK1 | R
 149:Core/Src/main.c ****   RCC_ClkInitStruct.SYSCLKSource = RCC_SYSCLKSOURCE_PLLCLK;
 150:Core/Src/main.c ****   RCC_ClkInitStruct.AHBCLKDivider = RCC_SYSCLK_DIV1;
 151:Core/Src/main.c ****   RCC_ClkInitStruct.APB1CLKDivider = RCC_HCLK_DIV2;
 152:Core/Src/main.c ****   RCC_ClkInitStruct.APB2CLKDivider = RCC_HCLK_DIV1;
 153:Core/Src/main.c **** 
 154:Core/Src/main.c ****   if (HAL_RCC_ClockConfig(&RCC_ClkInitStruct, FLASH_LATENCY_2) != HAL_OK)
 155:Core/Src/main.c ****   {
 156:Core/Src/main.c ****     Error_Handler();
 157:Core/Src/main.c ****   }
 158:Core/Src/main.c **** }
 159:Core/Src/main.c **** 
 160:Core/Src/main.c **** /* USER CODE BEGIN 4 */
 161:Core/Src/main.c **** 
 162:Core/Src/main.c **** /* USER CODE END 4 */
 163:Core/Src/main.c **** 
 164:Core/Src/main.c **** /**
 165:Core/Src/main.c ****  * @brief  This function is executed in case of error occurrence.
 166:Core/Src/main.c ****  * @retval None
 167:Core/Src/main.c ****  */
 168:Core/Src/main.c **** void Error_Handler(void)
 169:Core/Src/main.c **** {
  60              		.loc 1 169 1 is_stmt 1 view -0
  61              		.cfi_startproc
ARM GAS  C:\Users\ADMINI~1\AppData\Local\Temp\ccww3zSH.s 			page 5


  62              		@ Volatile: function does not return.
  63              		@ args = 0, pretend = 0, frame = 0
  64              		@ frame_needed = 0, uses_anonymous_args = 0
  65 0000 08B5     		push	{r3, lr}
  66              	.LCFI1:
  67              		.cfi_def_cfa_offset 8
  68              		.cfi_offset 3, -8
  69              		.cfi_offset 14, -4
 170:Core/Src/main.c ****   /* USER CODE BEGIN Error_Handler_Debug */
 171:Core/Src/main.c ****   /* User can add his own implementation to report the HAL error return state */
 172:Core/Src/main.c ****   __disable_irq();
  70              		.loc 1 172 3 view .LVU5
  71              	.LBB4:
  72              	.LBI4:
  73              		.file 2 "Drivers/CMSIS/Include/cmsis_gcc.h"
   1:Drivers/CMSIS/Include/cmsis_gcc.h **** /**************************************************************************//**
   2:Drivers/CMSIS/Include/cmsis_gcc.h ****  * @file     cmsis_gcc.h
   3:Drivers/CMSIS/Include/cmsis_gcc.h ****  * @brief    CMSIS compiler GCC header file
   4:Drivers/CMSIS/Include/cmsis_gcc.h ****  * @version  V5.0.4
   5:Drivers/CMSIS/Include/cmsis_gcc.h ****  * @date     09. April 2018
   6:Drivers/CMSIS/Include/cmsis_gcc.h ****  ******************************************************************************/
   7:Drivers/CMSIS/Include/cmsis_gcc.h **** /*
   8:Drivers/CMSIS/Include/cmsis_gcc.h ****  * Copyright (c) 2009-2018 Arm Limited. All rights reserved.
   9:Drivers/CMSIS/Include/cmsis_gcc.h ****  *
  10:Drivers/CMSIS/Include/cmsis_gcc.h ****  * SPDX-License-Identifier: Apache-2.0
  11:Drivers/CMSIS/Include/cmsis_gcc.h ****  *
  12:Drivers/CMSIS/Include/cmsis_gcc.h ****  * Licensed under the Apache License, Version 2.0 (the License); you may
  13:Drivers/CMSIS/Include/cmsis_gcc.h ****  * not use this file except in compliance with the License.
  14:Drivers/CMSIS/Include/cmsis_gcc.h ****  * You may obtain a copy of the License at
  15:Drivers/CMSIS/Include/cmsis_gcc.h ****  *
  16:Drivers/CMSIS/Include/cmsis_gcc.h ****  * www.apache.org/licenses/LICENSE-2.0
  17:Drivers/CMSIS/Include/cmsis_gcc.h ****  *
  18:Drivers/CMSIS/Include/cmsis_gcc.h ****  * Unless required by applicable law or agreed to in writing, software
  19:Drivers/CMSIS/Include/cmsis_gcc.h ****  * distributed under the License is distributed on an AS IS BASIS, WITHOUT
  20:Drivers/CMSIS/Include/cmsis_gcc.h ****  * WARRANTIES OR CONDITIONS OF ANY KIND, either express or implied.
  21:Drivers/CMSIS/Include/cmsis_gcc.h ****  * See the License for the specific language governing permissions and
  22:Drivers/CMSIS/Include/cmsis_gcc.h ****  * limitations under the License.
  23:Drivers/CMSIS/Include/cmsis_gcc.h ****  */
  24:Drivers/CMSIS/Include/cmsis_gcc.h **** 
  25:Drivers/CMSIS/Include/cmsis_gcc.h **** #ifndef __CMSIS_GCC_H
  26:Drivers/CMSIS/Include/cmsis_gcc.h **** #define __CMSIS_GCC_H
  27:Drivers/CMSIS/Include/cmsis_gcc.h **** 
  28:Drivers/CMSIS/Include/cmsis_gcc.h **** /* ignore some GCC warnings */
  29:Drivers/CMSIS/Include/cmsis_gcc.h **** #pragma GCC diagnostic push
  30:Drivers/CMSIS/Include/cmsis_gcc.h **** #pragma GCC diagnostic ignored "-Wsign-conversion"
  31:Drivers/CMSIS/Include/cmsis_gcc.h **** #pragma GCC diagnostic ignored "-Wconversion"
  32:Drivers/CMSIS/Include/cmsis_gcc.h **** #pragma GCC diagnostic ignored "-Wunused-parameter"
  33:Drivers/CMSIS/Include/cmsis_gcc.h **** 
  34:Drivers/CMSIS/Include/cmsis_gcc.h **** /* Fallback for __has_builtin */
  35:Drivers/CMSIS/Include/cmsis_gcc.h **** #ifndef __has_builtin
  36:Drivers/CMSIS/Include/cmsis_gcc.h ****   #define __has_builtin(x) (0)
  37:Drivers/CMSIS/Include/cmsis_gcc.h **** #endif
  38:Drivers/CMSIS/Include/cmsis_gcc.h **** 
  39:Drivers/CMSIS/Include/cmsis_gcc.h **** /* CMSIS compiler specific defines */
  40:Drivers/CMSIS/Include/cmsis_gcc.h **** #ifndef   __ASM
  41:Drivers/CMSIS/Include/cmsis_gcc.h ****   #define __ASM                                  __asm
  42:Drivers/CMSIS/Include/cmsis_gcc.h **** #endif
ARM GAS  C:\Users\ADMINI~1\AppData\Local\Temp\ccww3zSH.s 			page 6


  43:Drivers/CMSIS/Include/cmsis_gcc.h **** #ifndef   __INLINE
  44:Drivers/CMSIS/Include/cmsis_gcc.h ****   #define __INLINE                               inline
  45:Drivers/CMSIS/Include/cmsis_gcc.h **** #endif
  46:Drivers/CMSIS/Include/cmsis_gcc.h **** #ifndef   __STATIC_INLINE
  47:Drivers/CMSIS/Include/cmsis_gcc.h ****   #define __STATIC_INLINE                        static inline
  48:Drivers/CMSIS/Include/cmsis_gcc.h **** #endif
  49:Drivers/CMSIS/Include/cmsis_gcc.h **** #ifndef   __STATIC_FORCEINLINE                 
  50:Drivers/CMSIS/Include/cmsis_gcc.h ****   #define __STATIC_FORCEINLINE                   __attribute__((always_inline)) static inline
  51:Drivers/CMSIS/Include/cmsis_gcc.h **** #endif                                           
  52:Drivers/CMSIS/Include/cmsis_gcc.h **** #ifndef   __NO_RETURN
  53:Drivers/CMSIS/Include/cmsis_gcc.h ****   #define __NO_RETURN                            __attribute__((__noreturn__))
  54:Drivers/CMSIS/Include/cmsis_gcc.h **** #endif
  55:Drivers/CMSIS/Include/cmsis_gcc.h **** #ifndef   __USED
  56:Drivers/CMSIS/Include/cmsis_gcc.h ****   #define __USED                                 __attribute__((used))
  57:Drivers/CMSIS/Include/cmsis_gcc.h **** #endif
  58:Drivers/CMSIS/Include/cmsis_gcc.h **** #ifndef   __WEAK
  59:Drivers/CMSIS/Include/cmsis_gcc.h ****   #define __WEAK                                 __attribute__((weak))
  60:Drivers/CMSIS/Include/cmsis_gcc.h **** #endif
  61:Drivers/CMSIS/Include/cmsis_gcc.h **** #ifndef   __PACKED
  62:Drivers/CMSIS/Include/cmsis_gcc.h ****   #define __PACKED                               __attribute__((packed, aligned(1)))
  63:Drivers/CMSIS/Include/cmsis_gcc.h **** #endif
  64:Drivers/CMSIS/Include/cmsis_gcc.h **** #ifndef   __PACKED_STRUCT
  65:Drivers/CMSIS/Include/cmsis_gcc.h ****   #define __PACKED_STRUCT                        struct __attribute__((packed, aligned(1)))
  66:Drivers/CMSIS/Include/cmsis_gcc.h **** #endif
  67:Drivers/CMSIS/Include/cmsis_gcc.h **** #ifndef   __PACKED_UNION
  68:Drivers/CMSIS/Include/cmsis_gcc.h ****   #define __PACKED_UNION                         union __attribute__((packed, aligned(1)))
  69:Drivers/CMSIS/Include/cmsis_gcc.h **** #endif
  70:Drivers/CMSIS/Include/cmsis_gcc.h **** #ifndef   __UNALIGNED_UINT32        /* deprecated */
  71:Drivers/CMSIS/Include/cmsis_gcc.h ****   #pragma GCC diagnostic push
  72:Drivers/CMSIS/Include/cmsis_gcc.h ****   #pragma GCC diagnostic ignored "-Wpacked"
  73:Drivers/CMSIS/Include/cmsis_gcc.h ****   #pragma GCC diagnostic ignored "-Wattributes"
  74:Drivers/CMSIS/Include/cmsis_gcc.h ****   struct __attribute__((packed)) T_UINT32 { uint32_t v; };
  75:Drivers/CMSIS/Include/cmsis_gcc.h ****   #pragma GCC diagnostic pop
  76:Drivers/CMSIS/Include/cmsis_gcc.h ****   #define __UNALIGNED_UINT32(x)                  (((struct T_UINT32 *)(x))->v)
  77:Drivers/CMSIS/Include/cmsis_gcc.h **** #endif
  78:Drivers/CMSIS/Include/cmsis_gcc.h **** #ifndef   __UNALIGNED_UINT16_WRITE
  79:Drivers/CMSIS/Include/cmsis_gcc.h ****   #pragma GCC diagnostic push
  80:Drivers/CMSIS/Include/cmsis_gcc.h ****   #pragma GCC diagnostic ignored "-Wpacked"
  81:Drivers/CMSIS/Include/cmsis_gcc.h ****   #pragma GCC diagnostic ignored "-Wattributes"
  82:Drivers/CMSIS/Include/cmsis_gcc.h ****   __PACKED_STRUCT T_UINT16_WRITE { uint16_t v; };
  83:Drivers/CMSIS/Include/cmsis_gcc.h ****   #pragma GCC diagnostic pop
  84:Drivers/CMSIS/Include/cmsis_gcc.h ****   #define __UNALIGNED_UINT16_WRITE(addr, val)    (void)((((struct T_UINT16_WRITE *)(void *)(addr))-
  85:Drivers/CMSIS/Include/cmsis_gcc.h **** #endif
  86:Drivers/CMSIS/Include/cmsis_gcc.h **** #ifndef   __UNALIGNED_UINT16_READ
  87:Drivers/CMSIS/Include/cmsis_gcc.h ****   #pragma GCC diagnostic push
  88:Drivers/CMSIS/Include/cmsis_gcc.h ****   #pragma GCC diagnostic ignored "-Wpacked"
  89:Drivers/CMSIS/Include/cmsis_gcc.h ****   #pragma GCC diagnostic ignored "-Wattributes"
  90:Drivers/CMSIS/Include/cmsis_gcc.h ****   __PACKED_STRUCT T_UINT16_READ { uint16_t v; };
  91:Drivers/CMSIS/Include/cmsis_gcc.h ****   #pragma GCC diagnostic pop
  92:Drivers/CMSIS/Include/cmsis_gcc.h ****   #define __UNALIGNED_UINT16_READ(addr)          (((const struct T_UINT16_READ *)(const void *)(add
  93:Drivers/CMSIS/Include/cmsis_gcc.h **** #endif
  94:Drivers/CMSIS/Include/cmsis_gcc.h **** #ifndef   __UNALIGNED_UINT32_WRITE
  95:Drivers/CMSIS/Include/cmsis_gcc.h ****   #pragma GCC diagnostic push
  96:Drivers/CMSIS/Include/cmsis_gcc.h ****   #pragma GCC diagnostic ignored "-Wpacked"
  97:Drivers/CMSIS/Include/cmsis_gcc.h ****   #pragma GCC diagnostic ignored "-Wattributes"
  98:Drivers/CMSIS/Include/cmsis_gcc.h ****   __PACKED_STRUCT T_UINT32_WRITE { uint32_t v; };
  99:Drivers/CMSIS/Include/cmsis_gcc.h ****   #pragma GCC diagnostic pop
ARM GAS  C:\Users\ADMINI~1\AppData\Local\Temp\ccww3zSH.s 			page 7


 100:Drivers/CMSIS/Include/cmsis_gcc.h ****   #define __UNALIGNED_UINT32_WRITE(addr, val)    (void)((((struct T_UINT32_WRITE *)(void *)(addr))-
 101:Drivers/CMSIS/Include/cmsis_gcc.h **** #endif
 102:Drivers/CMSIS/Include/cmsis_gcc.h **** #ifndef   __UNALIGNED_UINT32_READ
 103:Drivers/CMSIS/Include/cmsis_gcc.h ****   #pragma GCC diagnostic push
 104:Drivers/CMSIS/Include/cmsis_gcc.h ****   #pragma GCC diagnostic ignored "-Wpacked"
 105:Drivers/CMSIS/Include/cmsis_gcc.h ****   #pragma GCC diagnostic ignored "-Wattributes"
 106:Drivers/CMSIS/Include/cmsis_gcc.h ****   __PACKED_STRUCT T_UINT32_READ { uint32_t v; };
 107:Drivers/CMSIS/Include/cmsis_gcc.h ****   #pragma GCC diagnostic pop
 108:Drivers/CMSIS/Include/cmsis_gcc.h ****   #define __UNALIGNED_UINT32_READ(addr)          (((const struct T_UINT32_READ *)(const void *)(add
 109:Drivers/CMSIS/Include/cmsis_gcc.h **** #endif
 110:Drivers/CMSIS/Include/cmsis_gcc.h **** #ifndef   __ALIGNED
 111:Drivers/CMSIS/Include/cmsis_gcc.h ****   #define __ALIGNED(x)                           __attribute__((aligned(x)))
 112:Drivers/CMSIS/Include/cmsis_gcc.h **** #endif
 113:Drivers/CMSIS/Include/cmsis_gcc.h **** #ifndef   __RESTRICT
 114:Drivers/CMSIS/Include/cmsis_gcc.h ****   #define __RESTRICT                             __restrict
 115:Drivers/CMSIS/Include/cmsis_gcc.h **** #endif
 116:Drivers/CMSIS/Include/cmsis_gcc.h **** 
 117:Drivers/CMSIS/Include/cmsis_gcc.h **** 
 118:Drivers/CMSIS/Include/cmsis_gcc.h **** /* ###########################  Core Function Access  ########################### */
 119:Drivers/CMSIS/Include/cmsis_gcc.h **** /** \ingroup  CMSIS_Core_FunctionInterface
 120:Drivers/CMSIS/Include/cmsis_gcc.h ****     \defgroup CMSIS_Core_RegAccFunctions CMSIS Core Register Access Functions
 121:Drivers/CMSIS/Include/cmsis_gcc.h ****   @{
 122:Drivers/CMSIS/Include/cmsis_gcc.h ****  */
 123:Drivers/CMSIS/Include/cmsis_gcc.h **** 
 124:Drivers/CMSIS/Include/cmsis_gcc.h **** /**
 125:Drivers/CMSIS/Include/cmsis_gcc.h ****   \brief   Enable IRQ Interrupts
 126:Drivers/CMSIS/Include/cmsis_gcc.h ****   \details Enables IRQ interrupts by clearing the I-bit in the CPSR.
 127:Drivers/CMSIS/Include/cmsis_gcc.h ****            Can only be executed in Privileged modes.
 128:Drivers/CMSIS/Include/cmsis_gcc.h ****  */
 129:Drivers/CMSIS/Include/cmsis_gcc.h **** __STATIC_FORCEINLINE void __enable_irq(void)
 130:Drivers/CMSIS/Include/cmsis_gcc.h **** {
 131:Drivers/CMSIS/Include/cmsis_gcc.h ****   __ASM volatile ("cpsie i" : : : "memory");
 132:Drivers/CMSIS/Include/cmsis_gcc.h **** }
 133:Drivers/CMSIS/Include/cmsis_gcc.h **** 
 134:Drivers/CMSIS/Include/cmsis_gcc.h **** 
 135:Drivers/CMSIS/Include/cmsis_gcc.h **** /**
 136:Drivers/CMSIS/Include/cmsis_gcc.h ****   \brief   Disable IRQ Interrupts
 137:Drivers/CMSIS/Include/cmsis_gcc.h ****   \details Disables IRQ interrupts by setting the I-bit in the CPSR.
 138:Drivers/CMSIS/Include/cmsis_gcc.h ****            Can only be executed in Privileged modes.
 139:Drivers/CMSIS/Include/cmsis_gcc.h ****  */
 140:Drivers/CMSIS/Include/cmsis_gcc.h **** __STATIC_FORCEINLINE void __disable_irq(void)
  74              		.loc 2 140 27 view .LVU6
  75              	.LBB5:
 141:Drivers/CMSIS/Include/cmsis_gcc.h **** {
 142:Drivers/CMSIS/Include/cmsis_gcc.h ****   __ASM volatile ("cpsid i" : : : "memory");
  76              		.loc 2 142 3 view .LVU7
  77              		.syntax unified
  78              	@ 142 "Drivers/CMSIS/Include/cmsis_gcc.h" 1
  79 0002 72B6     		cpsid i
  80              	@ 0 "" 2
  81              		.thumb
  82              		.syntax unified
  83              	.L4:
  84              	.LBE5:
  85              	.LBE4:
 173:Core/Src/main.c ****   while (1)
  86              		.loc 1 173 3 discriminator 1 view .LVU8
ARM GAS  C:\Users\ADMINI~1\AppData\Local\Temp\ccww3zSH.s 			page 8


 174:Core/Src/main.c ****   {
 175:Core/Src/main.c ****     printf("Error.\r\n");
  87              		.loc 1 175 5 discriminator 1 view .LVU9
  88 0004 0148     		ldr	r0, .L6
  89 0006 FFF7FEFF 		bl	puts
  90              	.LVL2:
 173:Core/Src/main.c ****   while (1)
  91              		.loc 1 173 9 discriminator 1 view .LVU10
  92 000a FBE7     		b	.L4
  93              	.L7:
  94              		.align	2
  95              	.L6:
  96 000c 00000000 		.word	.LC0
  97              		.cfi_endproc
  98              	.LFE71:
 100              		.section	.text.SystemClock_Config,"ax",%progbits
 101              		.align	1
 102              		.global	SystemClock_Config
 103              		.syntax unified
 104              		.thumb
 105              		.thumb_func
 107              	SystemClock_Config:
 108              	.LFB70:
 127:Core/Src/main.c ****   RCC_OscInitTypeDef RCC_OscInitStruct = {0};
 109              		.loc 1 127 1 view -0
 110              		.cfi_startproc
 111              		@ args = 0, pretend = 0, frame = 64
 112              		@ frame_needed = 0, uses_anonymous_args = 0
 113 0000 00B5     		push	{lr}
 114              	.LCFI2:
 115              		.cfi_def_cfa_offset 4
 116              		.cfi_offset 14, -4
 117 0002 91B0     		sub	sp, sp, #68
 118              	.LCFI3:
 119              		.cfi_def_cfa_offset 72
 128:Core/Src/main.c ****   RCC_ClkInitTypeDef RCC_ClkInitStruct = {0};
 120              		.loc 1 128 3 view .LVU12
 128:Core/Src/main.c ****   RCC_ClkInitTypeDef RCC_ClkInitStruct = {0};
 121              		.loc 1 128 22 is_stmt 0 view .LVU13
 122 0004 2822     		movs	r2, #40
 123 0006 0021     		movs	r1, #0
 124 0008 06A8     		add	r0, sp, #24
 125 000a FFF7FEFF 		bl	memset
 126              	.LVL3:
 129:Core/Src/main.c **** 
 127              		.loc 1 129 3 is_stmt 1 view .LVU14
 129:Core/Src/main.c **** 
 128              		.loc 1 129 22 is_stmt 0 view .LVU15
 129 000e 0023     		movs	r3, #0
 130 0010 0193     		str	r3, [sp, #4]
 131 0012 0293     		str	r3, [sp, #8]
 132 0014 0393     		str	r3, [sp, #12]
 133 0016 0493     		str	r3, [sp, #16]
 134 0018 0593     		str	r3, [sp, #20]
 134:Core/Src/main.c ****   RCC_OscInitStruct.HSEState = RCC_HSE_ON;
 135              		.loc 1 134 3 is_stmt 1 view .LVU16
 134:Core/Src/main.c ****   RCC_OscInitStruct.HSEState = RCC_HSE_ON;
ARM GAS  C:\Users\ADMINI~1\AppData\Local\Temp\ccww3zSH.s 			page 9


 136              		.loc 1 134 36 is_stmt 0 view .LVU17
 137 001a 0122     		movs	r2, #1
 138 001c 0692     		str	r2, [sp, #24]
 135:Core/Src/main.c ****   RCC_OscInitStruct.HSEPredivValue = RCC_HSE_PREDIV_DIV1;
 139              		.loc 1 135 3 is_stmt 1 view .LVU18
 135:Core/Src/main.c ****   RCC_OscInitStruct.HSEPredivValue = RCC_HSE_PREDIV_DIV1;
 140              		.loc 1 135 30 is_stmt 0 view .LVU19
 141 001e 4FF48033 		mov	r3, #65536
 142 0022 0793     		str	r3, [sp, #28]
 136:Core/Src/main.c ****   RCC_OscInitStruct.HSIState = RCC_HSI_ON;
 143              		.loc 1 136 3 is_stmt 1 view .LVU20
 137:Core/Src/main.c ****   RCC_OscInitStruct.PLL.PLLState = RCC_PLL_ON;
 144              		.loc 1 137 3 view .LVU21
 137:Core/Src/main.c ****   RCC_OscInitStruct.PLL.PLLState = RCC_PLL_ON;
 145              		.loc 1 137 30 is_stmt 0 view .LVU22
 146 0024 0A92     		str	r2, [sp, #40]
 138:Core/Src/main.c ****   RCC_OscInitStruct.PLL.PLLSource = RCC_PLLSOURCE_HSE;
 147              		.loc 1 138 3 is_stmt 1 view .LVU23
 138:Core/Src/main.c ****   RCC_OscInitStruct.PLL.PLLSource = RCC_PLLSOURCE_HSE;
 148              		.loc 1 138 34 is_stmt 0 view .LVU24
 149 0026 0222     		movs	r2, #2
 150 0028 0D92     		str	r2, [sp, #52]
 139:Core/Src/main.c ****   RCC_OscInitStruct.PLL.PLLMUL = RCC_PLL_MUL9;
 151              		.loc 1 139 3 is_stmt 1 view .LVU25
 139:Core/Src/main.c ****   RCC_OscInitStruct.PLL.PLLMUL = RCC_PLL_MUL9;
 152              		.loc 1 139 35 is_stmt 0 view .LVU26
 153 002a 0E93     		str	r3, [sp, #56]
 140:Core/Src/main.c ****   if (HAL_RCC_OscConfig(&RCC_OscInitStruct) != HAL_OK)
 154              		.loc 1 140 3 is_stmt 1 view .LVU27
 140:Core/Src/main.c ****   if (HAL_RCC_OscConfig(&RCC_OscInitStruct) != HAL_OK)
 155              		.loc 1 140 32 is_stmt 0 view .LVU28
 156 002c 4FF4E013 		mov	r3, #1835008
 157 0030 0F93     		str	r3, [sp, #60]
 141:Core/Src/main.c ****   {
 158              		.loc 1 141 3 is_stmt 1 view .LVU29
 141:Core/Src/main.c ****   {
 159              		.loc 1 141 7 is_stmt 0 view .LVU30
 160 0032 06A8     		add	r0, sp, #24
 161 0034 FFF7FEFF 		bl	HAL_RCC_OscConfig
 162              	.LVL4:
 141:Core/Src/main.c ****   {
 163              		.loc 1 141 6 view .LVU31
 164 0038 80B9     		cbnz	r0, .L12
 148:Core/Src/main.c ****   RCC_ClkInitStruct.SYSCLKSource = RCC_SYSCLKSOURCE_PLLCLK;
 165              		.loc 1 148 3 is_stmt 1 view .LVU32
 148:Core/Src/main.c ****   RCC_ClkInitStruct.SYSCLKSource = RCC_SYSCLKSOURCE_PLLCLK;
 166              		.loc 1 148 31 is_stmt 0 view .LVU33
 167 003a 0F23     		movs	r3, #15
 168 003c 0193     		str	r3, [sp, #4]
 149:Core/Src/main.c ****   RCC_ClkInitStruct.AHBCLKDivider = RCC_SYSCLK_DIV1;
 169              		.loc 1 149 3 is_stmt 1 view .LVU34
 149:Core/Src/main.c ****   RCC_ClkInitStruct.AHBCLKDivider = RCC_SYSCLK_DIV1;
 170              		.loc 1 149 34 is_stmt 0 view .LVU35
 171 003e 0221     		movs	r1, #2
 172 0040 0291     		str	r1, [sp, #8]
 150:Core/Src/main.c ****   RCC_ClkInitStruct.APB1CLKDivider = RCC_HCLK_DIV2;
 173              		.loc 1 150 3 is_stmt 1 view .LVU36
ARM GAS  C:\Users\ADMINI~1\AppData\Local\Temp\ccww3zSH.s 			page 10


 150:Core/Src/main.c ****   RCC_ClkInitStruct.APB1CLKDivider = RCC_HCLK_DIV2;
 174              		.loc 1 150 35 is_stmt 0 view .LVU37
 175 0042 0023     		movs	r3, #0
 176 0044 0393     		str	r3, [sp, #12]
 151:Core/Src/main.c ****   RCC_ClkInitStruct.APB2CLKDivider = RCC_HCLK_DIV1;
 177              		.loc 1 151 3 is_stmt 1 view .LVU38
 151:Core/Src/main.c ****   RCC_ClkInitStruct.APB2CLKDivider = RCC_HCLK_DIV1;
 178              		.loc 1 151 36 is_stmt 0 view .LVU39
 179 0046 4FF48062 		mov	r2, #1024
 180 004a 0492     		str	r2, [sp, #16]
 152:Core/Src/main.c **** 
 181              		.loc 1 152 3 is_stmt 1 view .LVU40
 152:Core/Src/main.c **** 
 182              		.loc 1 152 36 is_stmt 0 view .LVU41
 183 004c 0593     		str	r3, [sp, #20]
 154:Core/Src/main.c ****   {
 184              		.loc 1 154 3 is_stmt 1 view .LVU42
 154:Core/Src/main.c ****   {
 185              		.loc 1 154 7 is_stmt 0 view .LVU43
 186 004e 01A8     		add	r0, sp, #4
 187 0050 FFF7FEFF 		bl	HAL_RCC_ClockConfig
 188              	.LVL5:
 154:Core/Src/main.c ****   {
 189              		.loc 1 154 6 view .LVU44
 190 0054 20B9     		cbnz	r0, .L13
 158:Core/Src/main.c **** 
 191              		.loc 1 158 1 view .LVU45
 192 0056 11B0     		add	sp, sp, #68
 193              	.LCFI4:
 194              		.cfi_remember_state
 195              		.cfi_def_cfa_offset 4
 196              		@ sp needed
 197 0058 5DF804FB 		ldr	pc, [sp], #4
 198              	.L12:
 199              	.LCFI5:
 200              		.cfi_restore_state
 143:Core/Src/main.c ****   }
 201              		.loc 1 143 5 is_stmt 1 view .LVU46
 202 005c FFF7FEFF 		bl	Error_Handler
 203              	.LVL6:
 204              	.L13:
 156:Core/Src/main.c ****   }
 205              		.loc 1 156 5 view .LVU47
 206 0060 FFF7FEFF 		bl	Error_Handler
 207              	.LVL7:
 208              		.cfi_endproc
 209              	.LFE70:
 211              		.section	.rodata.main.str1.4,"aMS",%progbits,1
 212              		.align	2
 213              	.LC1:
 214 0000 536D6172 		.ascii	"Smart Device Start.\015\000"
 214      74204465 
 214      76696365 
 214      20537461 
 214      72742E0D 
 215              		.section	.text.main,"ax",%progbits
 216              		.align	1
ARM GAS  C:\Users\ADMINI~1\AppData\Local\Temp\ccww3zSH.s 			page 11


 217              		.global	main
 218              		.syntax unified
 219              		.thumb
 220              		.thumb_func
 222              	main:
 223              	.LFB69:
  79:Core/Src/main.c ****   /* USER CODE BEGIN 1 */
 224              		.loc 1 79 1 view -0
 225              		.cfi_startproc
 226              		@ Volatile: function does not return.
 227              		@ args = 0, pretend = 0, frame = 0
 228              		@ frame_needed = 0, uses_anonymous_args = 0
 229 0000 08B5     		push	{r3, lr}
 230              	.LCFI6:
 231              		.cfi_def_cfa_offset 8
 232              		.cfi_offset 3, -8
 233              		.cfi_offset 14, -4
  87:Core/Src/main.c **** 
 234              		.loc 1 87 3 view .LVU49
 235 0002 FFF7FEFF 		bl	HAL_Init
 236              	.LVL8:
  94:Core/Src/main.c **** 
 237              		.loc 1 94 3 view .LVU50
 238 0006 FFF7FEFF 		bl	SystemClock_Config
 239              	.LVL9:
 101:Core/Src/main.c ****   MX_USART1_UART_Init();
 240              		.loc 1 101 3 view .LVU51
 241 000a FFF7FEFF 		bl	MX_GPIO_Init
 242              	.LVL10:
 102:Core/Src/main.c ****   MX_USART3_UART_Init();
 243              		.loc 1 102 3 view .LVU52
 244 000e FFF7FEFF 		bl	MX_USART1_UART_Init
 245              	.LVL11:
 103:Core/Src/main.c ****   MX_I2C1_Init();
 246              		.loc 1 103 3 view .LVU53
 247 0012 FFF7FEFF 		bl	MX_USART3_UART_Init
 248              	.LVL12:
 104:Core/Src/main.c ****   /* USER CODE BEGIN 2 */
 249              		.loc 1 104 3 view .LVU54
 250 0016 FFF7FEFF 		bl	MX_I2C1_Init
 251              	.LVL13:
 107:Core/Src/main.c **** 
 252              		.loc 1 107 3 view .LVU55
 253 001a 0348     		ldr	r0, .L17
 254 001c FFF7FEFF 		bl	puts
 255              	.LVL14:
 109:Core/Src/main.c **** 
 256              		.loc 1 109 3 view .LVU56
 257 0020 FFF7FEFF 		bl	SmartDeviceInit
 258              	.LVL15:
 259              	.L15:
 112:Core/Src/main.c ****   {
 260              		.loc 1 112 3 discriminator 1 view .LVU57
 118:Core/Src/main.c ****   /* USER CODE END 3 */
 261              		.loc 1 118 3 discriminator 1 view .LVU58
 112:Core/Src/main.c ****   {
 262              		.loc 1 112 9 discriminator 1 view .LVU59
ARM GAS  C:\Users\ADMINI~1\AppData\Local\Temp\ccww3zSH.s 			page 12


 263 0024 FEE7     		b	.L15
 264              	.L18:
 265 0026 00BF     		.align	2
 266              	.L17:
 267 0028 00000000 		.word	.LC1
 268              		.cfi_endproc
 269              	.LFE69:
 271              		.text
 272              	.Letext0:
 273              		.file 3 "c:\\env\\embeddedtoolchain\\xpack-arm-none-eabi-gcc-10.3.1-2.3\\arm-none-eabi\\include\\m
 274              		.file 4 "c:\\env\\embeddedtoolchain\\xpack-arm-none-eabi-gcc-10.3.1-2.3\\arm-none-eabi\\include\\s
 275              		.file 5 "Drivers/STM32F1xx_HAL_Driver/Inc/stm32f1xx_hal_rcc.h"
 276              		.file 6 "Drivers/STM32F1xx_HAL_Driver/Inc/stm32f1xx_hal_rcc_ex.h"
 277              		.file 7 "<built-in>"
 278              		.file 8 "Drivers/STM32F1xx_HAL_Driver/Inc/stm32f1xx_hal.h"
 279              		.file 9 "Core/Inc/gpio.h"
 280              		.file 10 "Core/Inc/usart.h"
 281              		.file 11 "Core/Inc/i2c.h"
 282              		.file 12 "App/SmartDevice/SubSystems/Input/input_System.h"
 283              		.file 13 "Drivers/STM32F1xx_HAL_Driver/Inc/stm32f1xx_hal_def.h"
ARM GAS  C:\Users\ADMINI~1\AppData\Local\Temp\ccww3zSH.s 			page 13


DEFINED SYMBOLS
                            *ABS*:0000000000000000 main.c
C:\Users\ADMINI~1\AppData\Local\Temp\ccww3zSH.s:18     .text.SmartDeviceInit:0000000000000000 $t
C:\Users\ADMINI~1\AppData\Local\Temp\ccww3zSH.s:24     .text.SmartDeviceInit:0000000000000000 SmartDeviceInit
C:\Users\ADMINI~1\AppData\Local\Temp\ccww3zSH.s:48     .rodata.Error_Handler.str1.4:0000000000000000 $d
C:\Users\ADMINI~1\AppData\Local\Temp\ccww3zSH.s:52     .text.Error_Handler:0000000000000000 $t
C:\Users\ADMINI~1\AppData\Local\Temp\ccww3zSH.s:58     .text.Error_Handler:0000000000000000 Error_Handler
C:\Users\ADMINI~1\AppData\Local\Temp\ccww3zSH.s:96     .text.Error_Handler:000000000000000c $d
C:\Users\ADMINI~1\AppData\Local\Temp\ccww3zSH.s:101    .text.SystemClock_Config:0000000000000000 $t
C:\Users\ADMINI~1\AppData\Local\Temp\ccww3zSH.s:107    .text.SystemClock_Config:0000000000000000 SystemClock_Config
C:\Users\ADMINI~1\AppData\Local\Temp\ccww3zSH.s:212    .rodata.main.str1.4:0000000000000000 $d
C:\Users\ADMINI~1\AppData\Local\Temp\ccww3zSH.s:216    .text.main:0000000000000000 $t
C:\Users\ADMINI~1\AppData\Local\Temp\ccww3zSH.s:222    .text.main:0000000000000000 main
C:\Users\ADMINI~1\AppData\Local\Temp\ccww3zSH.s:267    .text.main:0000000000000028 $d

UNDEFINED SYMBOLS
AddInputDevices
InitInputDevices
puts
memset
HAL_RCC_OscConfig
HAL_RCC_ClockConfig
HAL_Init
MX_GPIO_Init
MX_USART1_UART_Init
MX_USART3_UART_Init
MX_I2C1_Init
