ARM GAS  C:\Users\ADMINI~1\AppData\Local\Temp\ccLbdFIk.s 			page 1


   1              		.cpu cortex-m3
   2              		.arch armv7-m
   3              		.fpu softvfp
   4              		.eabi_attribute 20, 1
   5              		.eabi_attribute 21, 1
   6              		.eabi_attribute 23, 3
   7              		.eabi_attribute 24, 1
   8              		.eabi_attribute 25, 1
   9              		.eabi_attribute 26, 1
  10              		.eabi_attribute 30, 1
  11              		.eabi_attribute 34, 1
  12              		.eabi_attribute 18, 4
  13              		.file	"oled_driver.c"
  14              		.text
  15              	.Ltext0:
  16              		.cfi_sections	.debug_frame
  17              		.section	.text.Oled_WriteCmd,"ax",%progbits
  18              		.align	1
  19              		.global	Oled_WriteCmd
  20              		.syntax unified
  21              		.thumb
  22              		.thumb_func
  24              	Oled_WriteCmd:
  25              	.LVL0:
  26              	.LFB68:
  27              		.file 1 "App/UserDrivers/oled_driver.c"
   1:App/UserDrivers/oled_driver.c **** #include "oled_driver.h"
   2:App/UserDrivers/oled_driver.c **** 
   3:App/UserDrivers/oled_driver.c **** static ADDR_MODE addr_mode = PAGE_ADDRESSING_MODE;
   4:App/UserDrivers/oled_driver.c **** 
   5:App/UserDrivers/oled_driver.c **** void Oled_WriteCmd(uint8_t cmd)
   6:App/UserDrivers/oled_driver.c **** {
  28              		.loc 1 6 1 view -0
  29              		.cfi_startproc
  30              		@ args = 0, pretend = 0, frame = 0
  31              		@ frame_needed = 0, uses_anonymous_args = 0
  32              		.loc 1 6 1 is_stmt 0 view .LVU1
  33 0000 10B5     		push	{r4, lr}
  34              	.LCFI0:
  35              		.cfi_def_cfa_offset 8
  36              		.cfi_offset 4, -8
  37              		.cfi_offset 14, -4
  38 0002 0446     		mov	r4, r0
   7:App/UserDrivers/oled_driver.c ****     IIC_Start();
  39              		.loc 1 7 5 is_stmt 1 view .LVU2
  40 0004 FFF7FEFF 		bl	IIC_Start
  41              	.LVL1:
   8:App/UserDrivers/oled_driver.c ****     IIC_WriteByteData(OLED_WRITE_ADDRESS);
  42              		.loc 1 8 5 view .LVU3
  43 0008 7820     		movs	r0, #120
  44 000a FFF7FEFF 		bl	IIC_WriteByteData
  45              	.LVL2:
   9:App/UserDrivers/oled_driver.c ****     IIC_WriteByteData(0X00);
  46              		.loc 1 9 5 view .LVU4
  47 000e 0020     		movs	r0, #0
  48 0010 FFF7FEFF 		bl	IIC_WriteByteData
  49              	.LVL3:
ARM GAS  C:\Users\ADMINI~1\AppData\Local\Temp\ccLbdFIk.s 			page 2


  10:App/UserDrivers/oled_driver.c ****     IIC_WriteByteData(cmd);
  50              		.loc 1 10 5 view .LVU5
  51 0014 2046     		mov	r0, r4
  52 0016 FFF7FEFF 		bl	IIC_WriteByteData
  53              	.LVL4:
  11:App/UserDrivers/oled_driver.c ****     IIC_Stop();
  54              		.loc 1 11 5 view .LVU6
  55 001a FFF7FEFF 		bl	IIC_Stop
  56              	.LVL5:
  12:App/UserDrivers/oled_driver.c **** }
  57              		.loc 1 12 1 is_stmt 0 view .LVU7
  58 001e 10BD     		pop	{r4, pc}
  59              		.cfi_endproc
  60              	.LFE68:
  62              		.section	.text.Oled_WriteData,"ax",%progbits
  63              		.align	1
  64              		.global	Oled_WriteData
  65              		.syntax unified
  66              		.thumb
  67              		.thumb_func
  69              	Oled_WriteData:
  70              	.LVL6:
  71              	.LFB69:
  13:App/UserDrivers/oled_driver.c **** 
  14:App/UserDrivers/oled_driver.c **** void Oled_WriteData(uint8_t data)
  15:App/UserDrivers/oled_driver.c **** {
  72              		.loc 1 15 1 is_stmt 1 view -0
  73              		.cfi_startproc
  74              		@ args = 0, pretend = 0, frame = 0
  75              		@ frame_needed = 0, uses_anonymous_args = 0
  76              		.loc 1 15 1 is_stmt 0 view .LVU9
  77 0000 10B5     		push	{r4, lr}
  78              	.LCFI1:
  79              		.cfi_def_cfa_offset 8
  80              		.cfi_offset 4, -8
  81              		.cfi_offset 14, -4
  82 0002 0446     		mov	r4, r0
  16:App/UserDrivers/oled_driver.c ****     IIC_Start();
  83              		.loc 1 16 5 is_stmt 1 view .LVU10
  84 0004 FFF7FEFF 		bl	IIC_Start
  85              	.LVL7:
  17:App/UserDrivers/oled_driver.c ****     IIC_WriteByteData(OLED_WRITE_ADDRESS);
  86              		.loc 1 17 5 view .LVU11
  87 0008 7820     		movs	r0, #120
  88 000a FFF7FEFF 		bl	IIC_WriteByteData
  89              	.LVL8:
  18:App/UserDrivers/oled_driver.c ****     IIC_WriteByteData(0X40);
  90              		.loc 1 18 5 view .LVU12
  91 000e 4020     		movs	r0, #64
  92 0010 FFF7FEFF 		bl	IIC_WriteByteData
  93              	.LVL9:
  19:App/UserDrivers/oled_driver.c ****     IIC_WriteByteData(data);
  94              		.loc 1 19 5 view .LVU13
  95 0014 2046     		mov	r0, r4
  96 0016 FFF7FEFF 		bl	IIC_WriteByteData
  97              	.LVL10:
  20:App/UserDrivers/oled_driver.c ****     IIC_Stop();
ARM GAS  C:\Users\ADMINI~1\AppData\Local\Temp\ccLbdFIk.s 			page 3


  98              		.loc 1 20 5 view .LVU14
  99 001a FFF7FEFF 		bl	IIC_Stop
 100              	.LVL11:
  21:App/UserDrivers/oled_driver.c **** }
 101              		.loc 1 21 1 is_stmt 0 view .LVU15
 102 001e 10BD     		pop	{r4, pc}
 103              		.cfi_endproc
 104              	.LFE69:
 106              		.section	.text.Oled_WriteNByteData,"ax",%progbits
 107              		.align	1
 108              		.global	Oled_WriteNByteData
 109              		.syntax unified
 110              		.thumb
 111              		.thumb_func
 113              	Oled_WriteNByteData:
 114              	.LVL12:
 115              	.LFB70:
  22:App/UserDrivers/oled_driver.c **** 
  23:App/UserDrivers/oled_driver.c **** uint32_t Oled_WriteNByteData(uint8_t *pata, uint16_t len)
  24:App/UserDrivers/oled_driver.c **** {
 116              		.loc 1 24 1 is_stmt 1 view -0
 117              		.cfi_startproc
 118              		@ args = 0, pretend = 0, frame = 0
 119              		@ frame_needed = 0, uses_anonymous_args = 0
  25:App/UserDrivers/oled_driver.c ****     if(pata == NULL)
 120              		.loc 1 25 5 view .LVU17
 121              		.loc 1 25 7 is_stmt 0 view .LVU18
 122 0000 B8B1     		cbz	r0, .L9
  24:App/UserDrivers/oled_driver.c ****     if(pata == NULL)
 123              		.loc 1 24 1 view .LVU19
 124 0002 70B5     		push	{r4, r5, r6, lr}
 125              	.LCFI2:
 126              		.cfi_def_cfa_offset 16
 127              		.cfi_offset 4, -16
 128              		.cfi_offset 5, -12
 129              		.cfi_offset 6, -8
 130              		.cfi_offset 14, -4
 131 0004 0D46     		mov	r5, r1
 132 0006 0646     		mov	r6, r0
  26:App/UserDrivers/oled_driver.c ****     {
  27:App/UserDrivers/oled_driver.c ****         return 1;
  28:App/UserDrivers/oled_driver.c ****     }
  29:App/UserDrivers/oled_driver.c **** 
  30:App/UserDrivers/oled_driver.c ****     IIC_Start();
 133              		.loc 1 30 5 is_stmt 1 view .LVU20
 134 0008 FFF7FEFF 		bl	IIC_Start
 135              	.LVL13:
  31:App/UserDrivers/oled_driver.c ****     IIC_WriteByteData(OLED_WRITE_ADDRESS);
 136              		.loc 1 31 5 view .LVU21
 137 000c 7820     		movs	r0, #120
 138 000e FFF7FEFF 		bl	IIC_WriteByteData
 139              	.LVL14:
  32:App/UserDrivers/oled_driver.c ****     IIC_WriteByteData(0X40);
 140              		.loc 1 32 5 view .LVU22
 141 0012 4020     		movs	r0, #64
 142 0014 FFF7FEFF 		bl	IIC_WriteByteData
 143              	.LVL15:
ARM GAS  C:\Users\ADMINI~1\AppData\Local\Temp\ccLbdFIk.s 			page 4


  33:App/UserDrivers/oled_driver.c ****     
  34:App/UserDrivers/oled_driver.c ****     for(uint16_t i = 0; i < len; i++)
 144              		.loc 1 34 5 view .LVU23
 145              	.LBB2:
 146              		.loc 1 34 9 view .LVU24
 147              		.loc 1 34 18 is_stmt 0 view .LVU25
 148 0018 0024     		movs	r4, #0
 149              		.loc 1 34 5 view .LVU26
 150 001a 04E0     		b	.L7
 151              	.LVL16:
 152              	.L8:
  35:App/UserDrivers/oled_driver.c ****     {
  36:App/UserDrivers/oled_driver.c ****         IIC_WriteByteData(pata[i]);
 153              		.loc 1 36 9 is_stmt 1 discriminator 3 view .LVU27
 154 001c 305D     		ldrb	r0, [r6, r4]	@ zero_extendqisi2
 155 001e FFF7FEFF 		bl	IIC_WriteByteData
 156              	.LVL17:
  34:App/UserDrivers/oled_driver.c ****     {
 157              		.loc 1 34 34 discriminator 3 view .LVU28
  34:App/UserDrivers/oled_driver.c ****     {
 158              		.loc 1 34 35 is_stmt 0 discriminator 3 view .LVU29
 159 0022 0134     		adds	r4, r4, #1
 160              	.LVL18:
  34:App/UserDrivers/oled_driver.c ****     {
 161              		.loc 1 34 35 discriminator 3 view .LVU30
 162 0024 A4B2     		uxth	r4, r4
 163              	.LVL19:
 164              	.L7:
  34:App/UserDrivers/oled_driver.c ****     {
 165              		.loc 1 34 25 is_stmt 1 discriminator 1 view .LVU31
  34:App/UserDrivers/oled_driver.c ****     {
 166              		.loc 1 34 5 is_stmt 0 discriminator 1 view .LVU32
 167 0026 AC42     		cmp	r4, r5
 168 0028 F8D3     		bcc	.L8
 169              	.LBE2:
  37:App/UserDrivers/oled_driver.c ****     }
  38:App/UserDrivers/oled_driver.c **** 
  39:App/UserDrivers/oled_driver.c ****     IIC_Stop();
 170              		.loc 1 39 5 is_stmt 1 view .LVU33
 171 002a FFF7FEFF 		bl	IIC_Stop
 172              	.LVL20:
  40:App/UserDrivers/oled_driver.c **** 
  41:App/UserDrivers/oled_driver.c ****     return 0;
 173              		.loc 1 41 5 view .LVU34
 174              		.loc 1 41 12 is_stmt 0 view .LVU35
 175 002e 0020     		movs	r0, #0
  42:App/UserDrivers/oled_driver.c **** }
 176              		.loc 1 42 1 view .LVU36
 177 0030 70BD     		pop	{r4, r5, r6, pc}
 178              	.LVL21:
 179              	.L9:
 180              	.LCFI3:
 181              		.cfi_def_cfa_offset 0
 182              		.cfi_restore 4
 183              		.cfi_restore 5
 184              		.cfi_restore 6
 185              		.cfi_restore 14
ARM GAS  C:\Users\ADMINI~1\AppData\Local\Temp\ccLbdFIk.s 			page 5


  27:App/UserDrivers/oled_driver.c ****     }
 186              		.loc 1 27 16 view .LVU37
 187 0032 0120     		movs	r0, #1
 188              	.LVL22:
 189              		.loc 1 42 1 view .LVU38
 190 0034 7047     		bx	lr
 191              		.cfi_endproc
 192              	.LFE70:
 194              		.section	.text.Oled_SetContrastValue,"ax",%progbits
 195              		.align	1
 196              		.global	Oled_SetContrastValue
 197              		.syntax unified
 198              		.thumb
 199              		.thumb_func
 201              	Oled_SetContrastValue:
 202              	.LVL23:
 203              	.LFB71:
  43:App/UserDrivers/oled_driver.c **** 
  44:App/UserDrivers/oled_driver.c **** 
  45:App/UserDrivers/oled_driver.c **** /* 1. fundamental command*/
  46:App/UserDrivers/oled_driver.c **** void Oled_SetContrastValue(uint8_t data)
  47:App/UserDrivers/oled_driver.c **** {
 204              		.loc 1 47 1 is_stmt 1 view -0
 205              		.cfi_startproc
 206              		@ args = 0, pretend = 0, frame = 0
 207              		@ frame_needed = 0, uses_anonymous_args = 0
 208              		.loc 1 47 1 is_stmt 0 view .LVU40
 209 0000 10B5     		push	{r4, lr}
 210              	.LCFI4:
 211              		.cfi_def_cfa_offset 8
 212              		.cfi_offset 4, -8
 213              		.cfi_offset 14, -4
 214 0002 0446     		mov	r4, r0
  48:App/UserDrivers/oled_driver.c ****     Oled_WriteCmd(0x81);
 215              		.loc 1 48 5 is_stmt 1 view .LVU41
 216 0004 8120     		movs	r0, #129
 217              	.LVL24:
 218              		.loc 1 48 5 is_stmt 0 view .LVU42
 219 0006 FFF7FEFF 		bl	Oled_WriteCmd
 220              	.LVL25:
  49:App/UserDrivers/oled_driver.c ****     Oled_WriteCmd(data);
 221              		.loc 1 49 5 is_stmt 1 view .LVU43
 222 000a 2046     		mov	r0, r4
 223 000c FFF7FEFF 		bl	Oled_WriteCmd
 224              	.LVL26:
  50:App/UserDrivers/oled_driver.c **** }
 225              		.loc 1 50 1 is_stmt 0 view .LVU44
 226 0010 10BD     		pop	{r4, pc}
 227              		.cfi_endproc
 228              	.LFE71:
 230              		.section	.text.Oled_H_Scroll,"ax",%progbits
 231              		.align	1
 232              		.global	Oled_H_Scroll
 233              		.syntax unified
 234              		.thumb
 235              		.thumb_func
 237              	Oled_H_Scroll:
ARM GAS  C:\Users\ADMINI~1\AppData\Local\Temp\ccLbdFIk.s 			page 6


 238              	.LVL27:
 239              	.LFB72:
  51:App/UserDrivers/oled_driver.c **** 
  52:App/UserDrivers/oled_driver.c **** /* 2. scrolling command*/
  53:App/UserDrivers/oled_driver.c **** uint32_t Oled_H_Scroll(H_SCROLL_DIR dir, uint8_t start, uint8_t frame_freq, uint8_t end)
  54:App/UserDrivers/oled_driver.c **** {
 240              		.loc 1 54 1 is_stmt 1 view -0
 241              		.cfi_startproc
 242              		@ args = 0, pretend = 0, frame = 0
 243              		@ frame_needed = 0, uses_anonymous_args = 0
  55:App/UserDrivers/oled_driver.c ****     if((dir != H_RIGHT) && (dir != H_LEFT))
 244              		.loc 1 55 5 view .LVU46
 245              		.loc 1 55 7 is_stmt 0 view .LVU47
 246 0000 0128     		cmp	r0, #1
 247 0002 23D8     		bhi	.L18
  54:App/UserDrivers/oled_driver.c ****     if((dir != H_RIGHT) && (dir != H_LEFT))
 248              		.loc 1 54 1 view .LVU48
 249 0004 70B5     		push	{r4, r5, r6, lr}
 250              	.LCFI5:
 251              		.cfi_def_cfa_offset 16
 252              		.cfi_offset 4, -16
 253              		.cfi_offset 5, -12
 254              		.cfi_offset 6, -8
 255              		.cfi_offset 14, -4
 256 0006 0C46     		mov	r4, r1
 257 0008 1646     		mov	r6, r2
 258 000a 1D46     		mov	r5, r3
  56:App/UserDrivers/oled_driver.c ****     {
  57:App/UserDrivers/oled_driver.c ****         return 1;
  58:App/UserDrivers/oled_driver.c ****     }
  59:App/UserDrivers/oled_driver.c **** 
  60:App/UserDrivers/oled_driver.c ****     if((start > 7) || (frame_freq > 7) || (end > 7))
 259              		.loc 1 60 5 is_stmt 1 view .LVU49
 260              		.loc 1 60 7 is_stmt 0 view .LVU50
 261 000c 0729     		cmp	r1, #7
 262 000e 1FD8     		bhi	.L19
 263              		.loc 1 60 20 discriminator 1 view .LVU51
 264 0010 072A     		cmp	r2, #7
 265 0012 1FD8     		bhi	.L20
 266              		.loc 1 60 40 discriminator 2 view .LVU52
 267 0014 072B     		cmp	r3, #7
 268 0016 1FD8     		bhi	.L21
  61:App/UserDrivers/oled_driver.c ****     {
  62:App/UserDrivers/oled_driver.c ****         return 1;
  63:App/UserDrivers/oled_driver.c ****     }
  64:App/UserDrivers/oled_driver.c **** 
  65:App/UserDrivers/oled_driver.c ****     if(start > end)
 269              		.loc 1 65 5 is_stmt 1 view .LVU53
 270              		.loc 1 65 7 is_stmt 0 view .LVU54
 271 0018 9942     		cmp	r1, r3
 272 001a 01D9     		bls	.L27
  66:App/UserDrivers/oled_driver.c ****     {
  67:App/UserDrivers/oled_driver.c ****         return 1;
 273              		.loc 1 67 16 view .LVU55
 274 001c 0120     		movs	r0, #1
 275              	.LVL28:
 276              		.loc 1 67 16 view .LVU56
ARM GAS  C:\Users\ADMINI~1\AppData\Local\Temp\ccLbdFIk.s 			page 7


 277 001e 18E0     		b	.L16
 278              	.LVL29:
 279              	.L27:
  68:App/UserDrivers/oled_driver.c ****     }
  69:App/UserDrivers/oled_driver.c **** 
  70:App/UserDrivers/oled_driver.c ****     Oled_WriteCmd(dir);
 280              		.loc 1 70 5 is_stmt 1 view .LVU57
 281 0020 FFF7FEFF 		bl	Oled_WriteCmd
 282              	.LVL30:
  71:App/UserDrivers/oled_driver.c ****     Oled_WriteCmd(0x00);
 283              		.loc 1 71 5 view .LVU58
 284 0024 0020     		movs	r0, #0
 285 0026 FFF7FEFF 		bl	Oled_WriteCmd
 286              	.LVL31:
  72:App/UserDrivers/oled_driver.c ****     Oled_WriteCmd(start);
 287              		.loc 1 72 5 view .LVU59
 288 002a 2046     		mov	r0, r4
 289 002c FFF7FEFF 		bl	Oled_WriteCmd
 290              	.LVL32:
  73:App/UserDrivers/oled_driver.c ****     Oled_WriteCmd(frame_freq);
 291              		.loc 1 73 5 view .LVU60
 292 0030 3046     		mov	r0, r6
 293 0032 FFF7FEFF 		bl	Oled_WriteCmd
 294              	.LVL33:
  74:App/UserDrivers/oled_driver.c ****     Oled_WriteCmd(end);
 295              		.loc 1 74 5 view .LVU61
 296 0036 2846     		mov	r0, r5
 297 0038 FFF7FEFF 		bl	Oled_WriteCmd
 298              	.LVL34:
  75:App/UserDrivers/oled_driver.c ****     Oled_WriteCmd(0x00);
 299              		.loc 1 75 5 view .LVU62
 300 003c 0020     		movs	r0, #0
 301 003e FFF7FEFF 		bl	Oled_WriteCmd
 302              	.LVL35:
  76:App/UserDrivers/oled_driver.c ****     Oled_WriteCmd(0xff);
 303              		.loc 1 76 5 view .LVU63
 304 0042 FF20     		movs	r0, #255
 305 0044 FFF7FEFF 		bl	Oled_WriteCmd
 306              	.LVL36:
  77:App/UserDrivers/oled_driver.c **** 
  78:App/UserDrivers/oled_driver.c ****     return 0;
 307              		.loc 1 78 5 view .LVU64
 308              		.loc 1 78 12 is_stmt 0 view .LVU65
 309 0048 0020     		movs	r0, #0
 310 004a 02E0     		b	.L16
 311              	.LVL37:
 312              	.L18:
 313              	.LCFI6:
 314              		.cfi_def_cfa_offset 0
 315              		.cfi_restore 4
 316              		.cfi_restore 5
 317              		.cfi_restore 6
 318              		.cfi_restore 14
  57:App/UserDrivers/oled_driver.c ****     }
 319              		.loc 1 57 16 view .LVU66
 320 004c 0120     		movs	r0, #1
 321              	.LVL38:
ARM GAS  C:\Users\ADMINI~1\AppData\Local\Temp\ccLbdFIk.s 			page 8


  79:App/UserDrivers/oled_driver.c **** }
 322              		.loc 1 79 1 view .LVU67
 323 004e 7047     		bx	lr
 324              	.LVL39:
 325              	.L19:
 326              	.LCFI7:
 327              		.cfi_def_cfa_offset 16
 328              		.cfi_offset 4, -16
 329              		.cfi_offset 5, -12
 330              		.cfi_offset 6, -8
 331              		.cfi_offset 14, -4
  62:App/UserDrivers/oled_driver.c ****     }
 332              		.loc 1 62 16 view .LVU68
 333 0050 0120     		movs	r0, #1
 334              	.LVL40:
 335              	.L16:
 336              		.loc 1 79 1 view .LVU69
 337 0052 70BD     		pop	{r4, r5, r6, pc}
 338              	.LVL41:
 339              	.L20:
  62:App/UserDrivers/oled_driver.c ****     }
 340              		.loc 1 62 16 view .LVU70
 341 0054 0120     		movs	r0, #1
 342              	.LVL42:
  62:App/UserDrivers/oled_driver.c ****     }
 343              		.loc 1 62 16 view .LVU71
 344 0056 FCE7     		b	.L16
 345              	.LVL43:
 346              	.L21:
  62:App/UserDrivers/oled_driver.c ****     }
 347              		.loc 1 62 16 view .LVU72
 348 0058 0120     		movs	r0, #1
 349              	.LVL44:
  62:App/UserDrivers/oled_driver.c ****     }
 350              		.loc 1 62 16 view .LVU73
 351 005a FAE7     		b	.L16
 352              		.cfi_endproc
 353              	.LFE72:
 355              		.section	.text.Oled_HV_Scroll,"ax",%progbits
 356              		.align	1
 357              		.global	Oled_HV_Scroll
 358              		.syntax unified
 359              		.thumb
 360              		.thumb_func
 362              	Oled_HV_Scroll:
 363              	.LVL45:
 364              	.LFB73:
  80:App/UserDrivers/oled_driver.c **** 
  81:App/UserDrivers/oled_driver.c **** uint32_t Oled_HV_Scroll(HV_SCROLL_DIR dir, uint8_t start, uint8_t frame_freq, uint8_t end, uint8_t 
  82:App/UserDrivers/oled_driver.c **** {
 365              		.loc 1 82 1 is_stmt 1 view -0
 366              		.cfi_startproc
 367              		@ args = 4, pretend = 0, frame = 0
 368              		@ frame_needed = 0, uses_anonymous_args = 0
 369              		.loc 1 82 1 is_stmt 0 view .LVU75
 370 0000 F8B5     		push	{r3, r4, r5, r6, r7, lr}
 371              	.LCFI8:
ARM GAS  C:\Users\ADMINI~1\AppData\Local\Temp\ccLbdFIk.s 			page 9


 372              		.cfi_def_cfa_offset 24
 373              		.cfi_offset 3, -24
 374              		.cfi_offset 4, -20
 375              		.cfi_offset 5, -16
 376              		.cfi_offset 6, -12
 377              		.cfi_offset 7, -8
 378              		.cfi_offset 14, -4
 379 0002 9DF81870 		ldrb	r7, [sp, #24]	@ zero_extendqisi2
  83:App/UserDrivers/oled_driver.c ****     if((dir != HV_RIGHT) && (dir != HV_LEFT))
 380              		.loc 1 83 5 is_stmt 1 view .LVU76
 381              		.loc 1 83 7 is_stmt 0 view .LVU77
 382 0006 0128     		cmp	r0, #1
 383 0008 21D8     		bhi	.L30
 384 000a 0C46     		mov	r4, r1
 385 000c 1546     		mov	r5, r2
 386 000e 1E46     		mov	r6, r3
  84:App/UserDrivers/oled_driver.c ****     {
  85:App/UserDrivers/oled_driver.c ****         return 1;
  86:App/UserDrivers/oled_driver.c ****     }
  87:App/UserDrivers/oled_driver.c **** 
  88:App/UserDrivers/oled_driver.c ****     if((start > 7) || (frame_freq > 7) || (end > 7) ||(offset > 0x3F))
 387              		.loc 1 88 5 is_stmt 1 view .LVU78
 388              		.loc 1 88 7 is_stmt 0 view .LVU79
 389 0010 0729     		cmp	r1, #7
 390 0012 1ED8     		bhi	.L31
 391              		.loc 1 88 20 discriminator 1 view .LVU80
 392 0014 072A     		cmp	r2, #7
 393 0016 1ED8     		bhi	.L32
 394              		.loc 1 88 40 discriminator 2 view .LVU81
 395 0018 072B     		cmp	r3, #7
 396 001a 1ED8     		bhi	.L33
 397              		.loc 1 88 53 discriminator 3 view .LVU82
 398 001c 3F2F     		cmp	r7, #63
 399 001e 1ED8     		bhi	.L34
  89:App/UserDrivers/oled_driver.c ****     {
  90:App/UserDrivers/oled_driver.c ****         return 1;
  91:App/UserDrivers/oled_driver.c ****     }
  92:App/UserDrivers/oled_driver.c **** 
  93:App/UserDrivers/oled_driver.c ****     if(start > end)
 400              		.loc 1 93 5 is_stmt 1 view .LVU83
 401              		.loc 1 93 7 is_stmt 0 view .LVU84
 402 0020 9942     		cmp	r1, r3
 403 0022 01D9     		bls	.L37
  94:App/UserDrivers/oled_driver.c ****     {
  95:App/UserDrivers/oled_driver.c ****         return 1;
 404              		.loc 1 95 16 view .LVU85
 405 0024 0120     		movs	r0, #1
 406              	.LVL46:
 407              		.loc 1 95 16 view .LVU86
 408 0026 13E0     		b	.L28
 409              	.LVL47:
 410              	.L37:
  96:App/UserDrivers/oled_driver.c ****     }
  97:App/UserDrivers/oled_driver.c **** 
  98:App/UserDrivers/oled_driver.c ****     Oled_WriteCmd(dir);
 411              		.loc 1 98 5 is_stmt 1 view .LVU87
 412 0028 FFF7FEFF 		bl	Oled_WriteCmd
ARM GAS  C:\Users\ADMINI~1\AppData\Local\Temp\ccLbdFIk.s 			page 10


 413              	.LVL48:
  99:App/UserDrivers/oled_driver.c ****     Oled_WriteCmd(0x00);
 414              		.loc 1 99 5 view .LVU88
 415 002c 0020     		movs	r0, #0
 416 002e FFF7FEFF 		bl	Oled_WriteCmd
 417              	.LVL49:
 100:App/UserDrivers/oled_driver.c ****     Oled_WriteCmd(start);
 418              		.loc 1 100 5 view .LVU89
 419 0032 2046     		mov	r0, r4
 420 0034 FFF7FEFF 		bl	Oled_WriteCmd
 421              	.LVL50:
 101:App/UserDrivers/oled_driver.c ****     Oled_WriteCmd(frame_freq);
 422              		.loc 1 101 5 view .LVU90
 423 0038 2846     		mov	r0, r5
 424 003a FFF7FEFF 		bl	Oled_WriteCmd
 425              	.LVL51:
 102:App/UserDrivers/oled_driver.c ****     Oled_WriteCmd(end);
 426              		.loc 1 102 5 view .LVU91
 427 003e 3046     		mov	r0, r6
 428 0040 FFF7FEFF 		bl	Oled_WriteCmd
 429              	.LVL52:
 103:App/UserDrivers/oled_driver.c ****     Oled_WriteCmd(offset);
 430              		.loc 1 103 5 view .LVU92
 431 0044 3846     		mov	r0, r7
 432 0046 FFF7FEFF 		bl	Oled_WriteCmd
 433              	.LVL53:
 104:App/UserDrivers/oled_driver.c **** 
 105:App/UserDrivers/oled_driver.c ****     return 0;
 434              		.loc 1 105 5 view .LVU93
 435              		.loc 1 105 12 is_stmt 0 view .LVU94
 436 004a 0020     		movs	r0, #0
 437 004c 00E0     		b	.L28
 438              	.LVL54:
 439              	.L30:
  85:App/UserDrivers/oled_driver.c ****     }
 440              		.loc 1 85 16 view .LVU95
 441 004e 0120     		movs	r0, #1
 442              	.LVL55:
 443              	.L28:
 106:App/UserDrivers/oled_driver.c **** }
 444              		.loc 1 106 1 view .LVU96
 445 0050 F8BD     		pop	{r3, r4, r5, r6, r7, pc}
 446              	.LVL56:
 447              	.L31:
  90:App/UserDrivers/oled_driver.c ****     }
 448              		.loc 1 90 16 view .LVU97
 449 0052 0120     		movs	r0, #1
 450              	.LVL57:
  90:App/UserDrivers/oled_driver.c ****     }
 451              		.loc 1 90 16 view .LVU98
 452 0054 FCE7     		b	.L28
 453              	.LVL58:
 454              	.L32:
  90:App/UserDrivers/oled_driver.c ****     }
 455              		.loc 1 90 16 view .LVU99
 456 0056 0120     		movs	r0, #1
 457              	.LVL59:
ARM GAS  C:\Users\ADMINI~1\AppData\Local\Temp\ccLbdFIk.s 			page 11


  90:App/UserDrivers/oled_driver.c ****     }
 458              		.loc 1 90 16 view .LVU100
 459 0058 FAE7     		b	.L28
 460              	.LVL60:
 461              	.L33:
  90:App/UserDrivers/oled_driver.c ****     }
 462              		.loc 1 90 16 view .LVU101
 463 005a 0120     		movs	r0, #1
 464              	.LVL61:
  90:App/UserDrivers/oled_driver.c ****     }
 465              		.loc 1 90 16 view .LVU102
 466 005c F8E7     		b	.L28
 467              	.LVL62:
 468              	.L34:
  90:App/UserDrivers/oled_driver.c ****     }
 469              		.loc 1 90 16 view .LVU103
 470 005e 0120     		movs	r0, #1
 471              	.LVL63:
  90:App/UserDrivers/oled_driver.c ****     }
 472              		.loc 1 90 16 view .LVU104
 473 0060 F6E7     		b	.L28
 474              		.cfi_endproc
 475              	.LFE73:
 477              		.section	.text.Oled_V_Scroll,"ax",%progbits
 478              		.align	1
 479              		.global	Oled_V_Scroll
 480              		.syntax unified
 481              		.thumb
 482              		.thumb_func
 484              	Oled_V_Scroll:
 485              	.LVL64:
 486              	.LFB74:
 107:App/UserDrivers/oled_driver.c **** 
 108:App/UserDrivers/oled_driver.c **** uint32_t Oled_V_Scroll(uint8_t rows, uint8_t row_num)
 109:App/UserDrivers/oled_driver.c **** {
 487              		.loc 1 109 1 is_stmt 1 view -0
 488              		.cfi_startproc
 489              		@ args = 0, pretend = 0, frame = 0
 490              		@ frame_needed = 0, uses_anonymous_args = 0
 110:App/UserDrivers/oled_driver.c ****     if((rows > 0x3F) || (row_num > 0x7F))
 491              		.loc 1 110 5 view .LVU106
 492              		.loc 1 110 7 is_stmt 0 view .LVU107
 493 0000 3F28     		cmp	r0, #63
 494 0002 0BD8     		bhi	.L40
 109:App/UserDrivers/oled_driver.c ****     if((rows > 0x3F) || (row_num > 0x7F))
 495              		.loc 1 109 1 discriminator 1 view .LVU108
 496 0004 10B5     		push	{r4, lr}
 497              	.LCFI9:
 498              		.cfi_def_cfa_offset 8
 499              		.cfi_offset 4, -8
 500              		.cfi_offset 14, -4
 501 0006 0C46     		mov	r4, r1
 502              		.loc 1 110 22 discriminator 1 view .LVU109
 503 0008 11F0800F 		tst	r1, #128
 504 000c 08D1     		bne	.L41
 111:App/UserDrivers/oled_driver.c ****     {
 112:App/UserDrivers/oled_driver.c ****         return 1;
ARM GAS  C:\Users\ADMINI~1\AppData\Local\Temp\ccLbdFIk.s 			page 12


 113:App/UserDrivers/oled_driver.c ****     }
 114:App/UserDrivers/oled_driver.c ****     Oled_WriteCmd(rows);
 505              		.loc 1 114 5 is_stmt 1 view .LVU110
 506 000e FFF7FEFF 		bl	Oled_WriteCmd
 507              	.LVL65:
 115:App/UserDrivers/oled_driver.c ****     Oled_WriteCmd(row_num);
 508              		.loc 1 115 5 view .LVU111
 509 0012 2046     		mov	r0, r4
 510 0014 FFF7FEFF 		bl	Oled_WriteCmd
 511              	.LVL66:
 116:App/UserDrivers/oled_driver.c ****     
 117:App/UserDrivers/oled_driver.c ****     return 0;
 512              		.loc 1 117 5 view .LVU112
 513              		.loc 1 117 12 is_stmt 0 view .LVU113
 514 0018 0020     		movs	r0, #0
 515              	.L38:
 118:App/UserDrivers/oled_driver.c **** }
 516              		.loc 1 118 1 view .LVU114
 517 001a 10BD     		pop	{r4, pc}
 518              	.LVL67:
 519              	.L40:
 520              	.LCFI10:
 521              		.cfi_def_cfa_offset 0
 522              		.cfi_restore 4
 523              		.cfi_restore 14
 112:App/UserDrivers/oled_driver.c ****     }
 524              		.loc 1 112 16 view .LVU115
 525 001c 0120     		movs	r0, #1
 526              	.LVL68:
 527              		.loc 1 118 1 view .LVU116
 528 001e 7047     		bx	lr
 529              	.LVL69:
 530              	.L41:
 531              	.LCFI11:
 532              		.cfi_def_cfa_offset 8
 533              		.cfi_offset 4, -8
 534              		.cfi_offset 14, -4
 112:App/UserDrivers/oled_driver.c ****     }
 535              		.loc 1 112 16 view .LVU117
 536 0020 0120     		movs	r0, #1
 537              	.LVL70:
 112:App/UserDrivers/oled_driver.c ****     }
 538              		.loc 1 112 16 view .LVU118
 539 0022 FAE7     		b	.L38
 540              		.cfi_endproc
 541              	.LFE74:
 543              		.section	.text.Oled_SetColAddr_Page,"ax",%progbits
 544              		.align	1
 545              		.global	Oled_SetColAddr_Page
 546              		.syntax unified
 547              		.thumb
 548              		.thumb_func
 550              	Oled_SetColAddr_Page:
 551              	.LVL71:
 552              	.LFB75:
 119:App/UserDrivers/oled_driver.c **** 
 120:App/UserDrivers/oled_driver.c **** /* 3. address set command*/
ARM GAS  C:\Users\ADMINI~1\AppData\Local\Temp\ccLbdFIk.s 			page 13


 121:App/UserDrivers/oled_driver.c **** uint32_t Oled_SetColAddr_Page(uint8_t col)
 122:App/UserDrivers/oled_driver.c **** {
 553              		.loc 1 122 1 is_stmt 1 view -0
 554              		.cfi_startproc
 555              		@ args = 0, pretend = 0, frame = 0
 556              		@ frame_needed = 0, uses_anonymous_args = 0
 123:App/UserDrivers/oled_driver.c ****     if(addr_mode != PAGE_ADDRESSING_MODE)
 557              		.loc 1 123 5 view .LVU120
 124:App/UserDrivers/oled_driver.c ****     {
 125:App/UserDrivers/oled_driver.c ****         return 1;
 126:App/UserDrivers/oled_driver.c ****     }
 127:App/UserDrivers/oled_driver.c **** 
 128:App/UserDrivers/oled_driver.c ****     if(col > 0x7F)
 558              		.loc 1 128 5 view .LVU121
 559              		.loc 1 128 7 is_stmt 0 view .LVU122
 560 0000 10F0800F 		tst	r0, #128
 561 0004 0BD1     		bne	.L48
 122:App/UserDrivers/oled_driver.c ****     if(addr_mode != PAGE_ADDRESSING_MODE)
 562              		.loc 1 122 1 view .LVU123
 563 0006 10B5     		push	{r4, lr}
 564              	.LCFI12:
 565              		.cfi_def_cfa_offset 8
 566              		.cfi_offset 4, -8
 567              		.cfi_offset 14, -4
 568 0008 0446     		mov	r4, r0
 129:App/UserDrivers/oled_driver.c ****     {
 130:App/UserDrivers/oled_driver.c ****         return 1;
 131:App/UserDrivers/oled_driver.c ****     }
 132:App/UserDrivers/oled_driver.c **** 
 133:App/UserDrivers/oled_driver.c ****     Oled_WriteCmd((0x00 + (col&0x0F)));
 569              		.loc 1 133 5 is_stmt 1 view .LVU124
 570 000a 00F00F00 		and	r0, r0, #15
 571              	.LVL72:
 572              		.loc 1 133 5 is_stmt 0 view .LVU125
 573 000e FFF7FEFF 		bl	Oled_WriteCmd
 574              	.LVL73:
 134:App/UserDrivers/oled_driver.c ****     Oled_WriteCmd((0x10 + (col >> 4)));
 575              		.loc 1 134 5 is_stmt 1 view .LVU126
 576 0012 2009     		lsrs	r0, r4, #4
 577 0014 1030     		adds	r0, r0, #16
 578 0016 FFF7FEFF 		bl	Oled_WriteCmd
 579              	.LVL74:
 135:App/UserDrivers/oled_driver.c **** 
 136:App/UserDrivers/oled_driver.c ****     return 0;
 580              		.loc 1 136 5 view .LVU127
 581              		.loc 1 136 12 is_stmt 0 view .LVU128
 582 001a 0020     		movs	r0, #0
 137:App/UserDrivers/oled_driver.c **** }
 583              		.loc 1 137 1 view .LVU129
 584 001c 10BD     		pop	{r4, pc}
 585              	.LVL75:
 586              	.L48:
 587              	.LCFI13:
 588              		.cfi_def_cfa_offset 0
 589              		.cfi_restore 4
 590              		.cfi_restore 14
 130:App/UserDrivers/oled_driver.c ****     }
ARM GAS  C:\Users\ADMINI~1\AppData\Local\Temp\ccLbdFIk.s 			page 14


 591              		.loc 1 130 16 view .LVU130
 592 001e 0120     		movs	r0, #1
 593              	.LVL76:
 594              		.loc 1 137 1 view .LVU131
 595 0020 7047     		bx	lr
 596              		.cfi_endproc
 597              	.LFE75:
 599              		.section	.text.Oled_SetAddressMode,"ax",%progbits
 600              		.align	1
 601              		.global	Oled_SetAddressMode
 602              		.syntax unified
 603              		.thumb
 604              		.thumb_func
 606              	Oled_SetAddressMode:
 607              	.LVL77:
 608              	.LFB76:
 138:App/UserDrivers/oled_driver.c **** 
 139:App/UserDrivers/oled_driver.c **** uint32_t Oled_SetAddressMode(ADDR_MODE addrMode)
 140:App/UserDrivers/oled_driver.c **** {
 609              		.loc 1 140 1 is_stmt 1 view -0
 610              		.cfi_startproc
 611              		@ args = 0, pretend = 0, frame = 0
 612              		@ frame_needed = 0, uses_anonymous_args = 0
 141:App/UserDrivers/oled_driver.c ****     if(addrMode > 2)
 613              		.loc 1 141 5 view .LVU133
 614              		.loc 1 141 7 is_stmt 0 view .LVU134
 615 0000 0228     		cmp	r0, #2
 616 0002 01D9     		bls	.L60
 142:App/UserDrivers/oled_driver.c ****     {
 143:App/UserDrivers/oled_driver.c ****         return 1;
 617              		.loc 1 143 16 view .LVU135
 618 0004 0120     		movs	r0, #1
 619              	.LVL78:
 144:App/UserDrivers/oled_driver.c ****     }
 145:App/UserDrivers/oled_driver.c **** 
 146:App/UserDrivers/oled_driver.c ****     Oled_WriteCmd(addrMode);
 147:App/UserDrivers/oled_driver.c **** 
 148:App/UserDrivers/oled_driver.c ****     return 0;
 149:App/UserDrivers/oled_driver.c **** }
 620              		.loc 1 149 1 view .LVU136
 621 0006 7047     		bx	lr
 622              	.LVL79:
 623              	.L60:
 140:App/UserDrivers/oled_driver.c ****     if(addrMode > 2)
 624              		.loc 1 140 1 view .LVU137
 625 0008 08B5     		push	{r3, lr}
 626              	.LCFI14:
 627              		.cfi_def_cfa_offset 8
 628              		.cfi_offset 3, -8
 629              		.cfi_offset 14, -4
 146:App/UserDrivers/oled_driver.c **** 
 630              		.loc 1 146 5 is_stmt 1 view .LVU138
 631 000a FFF7FEFF 		bl	Oled_WriteCmd
 632              	.LVL80:
 148:App/UserDrivers/oled_driver.c **** }
 633              		.loc 1 148 5 view .LVU139
 148:App/UserDrivers/oled_driver.c **** }
ARM GAS  C:\Users\ADMINI~1\AppData\Local\Temp\ccLbdFIk.s 			page 15


 634              		.loc 1 148 12 is_stmt 0 view .LVU140
 635 000e 0020     		movs	r0, #0
 636              		.loc 1 149 1 view .LVU141
 637 0010 08BD     		pop	{r3, pc}
 638              		.cfi_endproc
 639              	.LFE76:
 641              		.section	.text.Oled_SetColAddr_HV,"ax",%progbits
 642              		.align	1
 643              		.global	Oled_SetColAddr_HV
 644              		.syntax unified
 645              		.thumb
 646              		.thumb_func
 648              	Oled_SetColAddr_HV:
 649              	.LVL81:
 650              	.LFB77:
 150:App/UserDrivers/oled_driver.c **** 
 151:App/UserDrivers/oled_driver.c **** uint32_t Oled_SetColAddr_HV(uint8_t start, uint8_t end)
 152:App/UserDrivers/oled_driver.c **** {
 651              		.loc 1 152 1 is_stmt 1 view -0
 652              		.cfi_startproc
 653              		@ args = 0, pretend = 0, frame = 0
 654              		@ frame_needed = 0, uses_anonymous_args = 0
 655              		@ link register save eliminated.
 153:App/UserDrivers/oled_driver.c ****     if(addr_mode == PAGE_ADDRESSING_MODE)
 656              		.loc 1 153 5 view .LVU143
 154:App/UserDrivers/oled_driver.c ****     {
 155:App/UserDrivers/oled_driver.c ****         return 1;
 156:App/UserDrivers/oled_driver.c ****     }
 157:App/UserDrivers/oled_driver.c **** 
 158:App/UserDrivers/oled_driver.c ****     if((start > 0x7F) || (end > 0x7F))
 159:App/UserDrivers/oled_driver.c ****     {
 160:App/UserDrivers/oled_driver.c ****         return 1;
 161:App/UserDrivers/oled_driver.c ****     }
 162:App/UserDrivers/oled_driver.c **** 
 163:App/UserDrivers/oled_driver.c ****     Oled_WriteCmd(start);
 164:App/UserDrivers/oled_driver.c ****     Oled_WriteCmd(end);
 165:App/UserDrivers/oled_driver.c **** 
 166:App/UserDrivers/oled_driver.c ****     return 0;
 167:App/UserDrivers/oled_driver.c **** }
 657              		.loc 1 167 1 is_stmt 0 view .LVU144
 658 0000 0120     		movs	r0, #1
 659              	.LVL82:
 660              		.loc 1 167 1 view .LVU145
 661 0002 7047     		bx	lr
 662              		.cfi_endproc
 663              	.LFE77:
 665              		.section	.text.Oled_SetPageAddr_HV,"ax",%progbits
 666              		.align	1
 667              		.global	Oled_SetPageAddr_HV
 668              		.syntax unified
 669              		.thumb
 670              		.thumb_func
 672              	Oled_SetPageAddr_HV:
 673              	.LVL83:
 674              	.LFB78:
 168:App/UserDrivers/oled_driver.c **** 
 169:App/UserDrivers/oled_driver.c **** uint32_t Oled_SetPageAddr_HV(uint8_t start, uint8_t end)
ARM GAS  C:\Users\ADMINI~1\AppData\Local\Temp\ccLbdFIk.s 			page 16


 170:App/UserDrivers/oled_driver.c **** {
 675              		.loc 1 170 1 is_stmt 1 view -0
 676              		.cfi_startproc
 677              		@ args = 0, pretend = 0, frame = 0
 678              		@ frame_needed = 0, uses_anonymous_args = 0
 171:App/UserDrivers/oled_driver.c ****     if((start > 0x7) || (end > 0x7))
 679              		.loc 1 171 5 view .LVU147
 680              		.loc 1 171 7 is_stmt 0 view .LVU148
 681 0000 0728     		cmp	r0, #7
 682 0002 11D8     		bhi	.L64
 170:App/UserDrivers/oled_driver.c ****     if((start > 0x7) || (end > 0x7))
 683              		.loc 1 170 1 discriminator 1 view .LVU149
 684 0004 38B5     		push	{r3, r4, r5, lr}
 685              	.LCFI15:
 686              		.cfi_def_cfa_offset 16
 687              		.cfi_offset 3, -16
 688              		.cfi_offset 4, -12
 689              		.cfi_offset 5, -8
 690              		.cfi_offset 14, -4
 691 0006 0446     		mov	r4, r0
 692 0008 0D46     		mov	r5, r1
 693              		.loc 1 171 22 discriminator 1 view .LVU150
 694 000a 0729     		cmp	r1, #7
 695 000c 01D9     		bls	.L70
 172:App/UserDrivers/oled_driver.c ****     {
 173:App/UserDrivers/oled_driver.c ****         return 1;
 696              		.loc 1 173 16 view .LVU151
 697 000e 0120     		movs	r0, #1
 698              	.LVL84:
 699              	.L62:
 174:App/UserDrivers/oled_driver.c ****     }
 175:App/UserDrivers/oled_driver.c **** 
 176:App/UserDrivers/oled_driver.c ****     Oled_WriteCmd(0x22);
 177:App/UserDrivers/oled_driver.c ****     Oled_WriteCmd(start);
 178:App/UserDrivers/oled_driver.c ****     Oled_WriteCmd(end);
 179:App/UserDrivers/oled_driver.c **** 
 180:App/UserDrivers/oled_driver.c ****     return 0;
 181:App/UserDrivers/oled_driver.c **** }
 700              		.loc 1 181 1 view .LVU152
 701 0010 38BD     		pop	{r3, r4, r5, pc}
 702              	.LVL85:
 703              	.L70:
 176:App/UserDrivers/oled_driver.c ****     Oled_WriteCmd(start);
 704              		.loc 1 176 5 is_stmt 1 view .LVU153
 705 0012 2220     		movs	r0, #34
 706              	.LVL86:
 176:App/UserDrivers/oled_driver.c ****     Oled_WriteCmd(start);
 707              		.loc 1 176 5 is_stmt 0 view .LVU154
 708 0014 FFF7FEFF 		bl	Oled_WriteCmd
 709              	.LVL87:
 177:App/UserDrivers/oled_driver.c ****     Oled_WriteCmd(end);
 710              		.loc 1 177 5 is_stmt 1 view .LVU155
 711 0018 2046     		mov	r0, r4
 712 001a FFF7FEFF 		bl	Oled_WriteCmd
 713              	.LVL88:
 178:App/UserDrivers/oled_driver.c **** 
 714              		.loc 1 178 5 view .LVU156
ARM GAS  C:\Users\ADMINI~1\AppData\Local\Temp\ccLbdFIk.s 			page 17


 715 001e 2846     		mov	r0, r5
 716 0020 FFF7FEFF 		bl	Oled_WriteCmd
 717              	.LVL89:
 180:App/UserDrivers/oled_driver.c **** }
 718              		.loc 1 180 5 view .LVU157
 180:App/UserDrivers/oled_driver.c **** }
 719              		.loc 1 180 12 is_stmt 0 view .LVU158
 720 0024 0020     		movs	r0, #0
 721 0026 F3E7     		b	.L62
 722              	.LVL90:
 723              	.L64:
 724              	.LCFI16:
 725              		.cfi_def_cfa_offset 0
 726              		.cfi_restore 3
 727              		.cfi_restore 4
 728              		.cfi_restore 5
 729              		.cfi_restore 14
 173:App/UserDrivers/oled_driver.c ****     }
 730              		.loc 1 173 16 view .LVU159
 731 0028 0120     		movs	r0, #1
 732              	.LVL91:
 733              		.loc 1 181 1 view .LVU160
 734 002a 7047     		bx	lr
 735              		.cfi_endproc
 736              	.LFE78:
 738              		.section	.text.Oled_SetPageAddr_Page,"ax",%progbits
 739              		.align	1
 740              		.global	Oled_SetPageAddr_Page
 741              		.syntax unified
 742              		.thumb
 743              		.thumb_func
 745              	Oled_SetPageAddr_Page:
 746              	.LVL92:
 747              	.LFB79:
 182:App/UserDrivers/oled_driver.c **** 
 183:App/UserDrivers/oled_driver.c **** uint32_t Oled_SetPageAddr_Page(uint8_t start)
 184:App/UserDrivers/oled_driver.c **** {
 748              		.loc 1 184 1 is_stmt 1 view -0
 749              		.cfi_startproc
 750              		@ args = 0, pretend = 0, frame = 0
 751              		@ frame_needed = 0, uses_anonymous_args = 0
 185:App/UserDrivers/oled_driver.c ****     if(start > 7)
 752              		.loc 1 185 5 view .LVU162
 753              		.loc 1 185 7 is_stmt 0 view .LVU163
 754 0000 0728     		cmp	r0, #7
 755 0002 01D9     		bls	.L78
 186:App/UserDrivers/oled_driver.c ****     {
 187:App/UserDrivers/oled_driver.c ****         return 1;
 756              		.loc 1 187 16 view .LVU164
 757 0004 0120     		movs	r0, #1
 758              	.LVL93:
 188:App/UserDrivers/oled_driver.c ****     }
 189:App/UserDrivers/oled_driver.c **** 
 190:App/UserDrivers/oled_driver.c ****     Oled_WriteCmd((0xB0 + start));
 191:App/UserDrivers/oled_driver.c **** 
 192:App/UserDrivers/oled_driver.c ****     return 0;
 193:App/UserDrivers/oled_driver.c **** }
ARM GAS  C:\Users\ADMINI~1\AppData\Local\Temp\ccLbdFIk.s 			page 18


 759              		.loc 1 193 1 view .LVU165
 760 0006 7047     		bx	lr
 761              	.LVL94:
 762              	.L78:
 184:App/UserDrivers/oled_driver.c ****     if(start > 7)
 763              		.loc 1 184 1 view .LVU166
 764 0008 08B5     		push	{r3, lr}
 765              	.LCFI17:
 766              		.cfi_def_cfa_offset 8
 767              		.cfi_offset 3, -8
 768              		.cfi_offset 14, -4
 190:App/UserDrivers/oled_driver.c **** 
 769              		.loc 1 190 5 is_stmt 1 view .LVU167
 770 000a 5038     		subs	r0, r0, #80
 771              	.LVL95:
 190:App/UserDrivers/oled_driver.c **** 
 772              		.loc 1 190 5 is_stmt 0 view .LVU168
 773 000c C0B2     		uxtb	r0, r0
 774 000e FFF7FEFF 		bl	Oled_WriteCmd
 775              	.LVL96:
 192:App/UserDrivers/oled_driver.c **** }
 776              		.loc 1 192 5 is_stmt 1 view .LVU169
 192:App/UserDrivers/oled_driver.c **** }
 777              		.loc 1 192 12 is_stmt 0 view .LVU170
 778 0012 0020     		movs	r0, #0
 779              		.loc 1 193 1 view .LVU171
 780 0014 08BD     		pop	{r3, pc}
 781              		.cfi_endproc
 782              	.LFE79:
 784              		.section	.text.Oled_SetDisplayStartLine,"ax",%progbits
 785              		.align	1
 786              		.global	Oled_SetDisplayStartLine
 787              		.syntax unified
 788              		.thumb
 789              		.thumb_func
 791              	Oled_SetDisplayStartLine:
 792              	.LVL97:
 793              	.LFB80:
 194:App/UserDrivers/oled_driver.c **** 
 195:App/UserDrivers/oled_driver.c **** /* hardware configuration command*/
 196:App/UserDrivers/oled_driver.c **** uint32_t Oled_SetDisplayStartLine(uint8_t line)
 197:App/UserDrivers/oled_driver.c **** {
 794              		.loc 1 197 1 is_stmt 1 view -0
 795              		.cfi_startproc
 796              		@ args = 0, pretend = 0, frame = 0
 797              		@ frame_needed = 0, uses_anonymous_args = 0
 198:App/UserDrivers/oled_driver.c ****     if(line > 63)
 798              		.loc 1 198 5 view .LVU173
 799              		.loc 1 198 7 is_stmt 0 view .LVU174
 800 0000 3F28     		cmp	r0, #63
 801 0002 01D9     		bls	.L86
 199:App/UserDrivers/oled_driver.c ****     {
 200:App/UserDrivers/oled_driver.c ****         return 1;
 802              		.loc 1 200 16 view .LVU175
 803 0004 0120     		movs	r0, #1
 804              	.LVL98:
 201:App/UserDrivers/oled_driver.c ****     }
ARM GAS  C:\Users\ADMINI~1\AppData\Local\Temp\ccLbdFIk.s 			page 19


 202:App/UserDrivers/oled_driver.c **** 
 203:App/UserDrivers/oled_driver.c ****     Oled_WriteCmd((0x40 + line));
 204:App/UserDrivers/oled_driver.c **** 
 205:App/UserDrivers/oled_driver.c ****     return 0;
 206:App/UserDrivers/oled_driver.c **** }
 805              		.loc 1 206 1 view .LVU176
 806 0006 7047     		bx	lr
 807              	.LVL99:
 808              	.L86:
 197:App/UserDrivers/oled_driver.c ****     if(line > 63)
 809              		.loc 1 197 1 view .LVU177
 810 0008 08B5     		push	{r3, lr}
 811              	.LCFI18:
 812              		.cfi_def_cfa_offset 8
 813              		.cfi_offset 3, -8
 814              		.cfi_offset 14, -4
 203:App/UserDrivers/oled_driver.c **** 
 815              		.loc 1 203 5 is_stmt 1 view .LVU178
 816 000a 4030     		adds	r0, r0, #64
 817              	.LVL100:
 203:App/UserDrivers/oled_driver.c **** 
 818              		.loc 1 203 5 is_stmt 0 view .LVU179
 819 000c C0B2     		uxtb	r0, r0
 820 000e FFF7FEFF 		bl	Oled_WriteCmd
 821              	.LVL101:
 205:App/UserDrivers/oled_driver.c **** }
 822              		.loc 1 205 5 is_stmt 1 view .LVU180
 205:App/UserDrivers/oled_driver.c **** }
 823              		.loc 1 205 12 is_stmt 0 view .LVU181
 824 0012 0020     		movs	r0, #0
 825              		.loc 1 206 1 view .LVU182
 826 0014 08BD     		pop	{r3, pc}
 827              		.cfi_endproc
 828              	.LFE80:
 830              		.section	.text.Oled_SetMultiplexRatio,"ax",%progbits
 831              		.align	1
 832              		.global	Oled_SetMultiplexRatio
 833              		.syntax unified
 834              		.thumb
 835              		.thumb_func
 837              	Oled_SetMultiplexRatio:
 838              	.LVL102:
 839              	.LFB81:
 207:App/UserDrivers/oled_driver.c **** 
 208:App/UserDrivers/oled_driver.c **** uint32_t Oled_SetMultiplexRatio(uint8_t ratio)
 209:App/UserDrivers/oled_driver.c **** {
 840              		.loc 1 209 1 is_stmt 1 view -0
 841              		.cfi_startproc
 842              		@ args = 0, pretend = 0, frame = 0
 843              		@ frame_needed = 0, uses_anonymous_args = 0
 210:App/UserDrivers/oled_driver.c ****     if ((ratio < 15) || (ratio > 64))
 844              		.loc 1 210 5 view .LVU184
 845              		.loc 1 210 22 is_stmt 0 view .LVU185
 846 0000 A0F10F03 		sub	r3, r0, #15
 847 0004 DBB2     		uxtb	r3, r3
 848              		.loc 1 210 8 view .LVU186
 849 0006 312B     		cmp	r3, #49
ARM GAS  C:\Users\ADMINI~1\AppData\Local\Temp\ccLbdFIk.s 			page 20


 850 0008 01D9     		bls	.L94
 211:App/UserDrivers/oled_driver.c ****     {
 212:App/UserDrivers/oled_driver.c ****         return 1;
 851              		.loc 1 212 16 view .LVU187
 852 000a 0120     		movs	r0, #1
 853              	.LVL103:
 213:App/UserDrivers/oled_driver.c ****     }
 214:App/UserDrivers/oled_driver.c **** 
 215:App/UserDrivers/oled_driver.c ****     Oled_WriteCmd(0xA8);
 216:App/UserDrivers/oled_driver.c ****     Oled_WriteCmd(ratio);
 217:App/UserDrivers/oled_driver.c ****     
 218:App/UserDrivers/oled_driver.c ****     return 0;
 219:App/UserDrivers/oled_driver.c **** }
 854              		.loc 1 219 1 view .LVU188
 855 000c 7047     		bx	lr
 856              	.LVL104:
 857              	.L94:
 209:App/UserDrivers/oled_driver.c ****     if ((ratio < 15) || (ratio > 64))
 858              		.loc 1 209 1 view .LVU189
 859 000e 10B5     		push	{r4, lr}
 860              	.LCFI19:
 861              		.cfi_def_cfa_offset 8
 862              		.cfi_offset 4, -8
 863              		.cfi_offset 14, -4
 864 0010 0446     		mov	r4, r0
 215:App/UserDrivers/oled_driver.c ****     Oled_WriteCmd(ratio);
 865              		.loc 1 215 5 is_stmt 1 view .LVU190
 866 0012 A820     		movs	r0, #168
 867              	.LVL105:
 215:App/UserDrivers/oled_driver.c ****     Oled_WriteCmd(ratio);
 868              		.loc 1 215 5 is_stmt 0 view .LVU191
 869 0014 FFF7FEFF 		bl	Oled_WriteCmd
 870              	.LVL106:
 216:App/UserDrivers/oled_driver.c ****     
 871              		.loc 1 216 5 is_stmt 1 view .LVU192
 872 0018 2046     		mov	r0, r4
 873 001a FFF7FEFF 		bl	Oled_WriteCmd
 874              	.LVL107:
 218:App/UserDrivers/oled_driver.c **** }
 875              		.loc 1 218 5 view .LVU193
 218:App/UserDrivers/oled_driver.c **** }
 876              		.loc 1 218 12 is_stmt 0 view .LVU194
 877 001e 0020     		movs	r0, #0
 878              		.loc 1 219 1 view .LVU195
 879 0020 10BD     		pop	{r4, pc}
 880              		.cfi_endproc
 881              	.LFE81:
 883              		.section	.text.Oled_SetDisplayOffset,"ax",%progbits
 884              		.align	1
 885              		.global	Oled_SetDisplayOffset
 886              		.syntax unified
 887              		.thumb
 888              		.thumb_func
 890              	Oled_SetDisplayOffset:
 891              	.LVL108:
 892              	.LFB82:
 220:App/UserDrivers/oled_driver.c **** 
ARM GAS  C:\Users\ADMINI~1\AppData\Local\Temp\ccLbdFIk.s 			page 21


 221:App/UserDrivers/oled_driver.c **** uint32_t Oled_SetDisplayOffset(uint8_t offset)
 222:App/UserDrivers/oled_driver.c **** {
 893              		.loc 1 222 1 is_stmt 1 view -0
 894              		.cfi_startproc
 895              		@ args = 0, pretend = 0, frame = 0
 896              		@ frame_needed = 0, uses_anonymous_args = 0
 223:App/UserDrivers/oled_driver.c ****     if (offset > 63)
 897              		.loc 1 223 5 view .LVU197
 898              		.loc 1 223 8 is_stmt 0 view .LVU198
 899 0000 3F28     		cmp	r0, #63
 900 0002 01D9     		bls	.L102
 224:App/UserDrivers/oled_driver.c ****     {
 225:App/UserDrivers/oled_driver.c ****         return 1;
 901              		.loc 1 225 16 view .LVU199
 902 0004 0120     		movs	r0, #1
 903              	.LVL109:
 226:App/UserDrivers/oled_driver.c ****     }
 227:App/UserDrivers/oled_driver.c ****     
 228:App/UserDrivers/oled_driver.c ****     Oled_WriteCmd(0xD3);
 229:App/UserDrivers/oled_driver.c ****     Oled_WriteCmd(offset);
 230:App/UserDrivers/oled_driver.c **** 
 231:App/UserDrivers/oled_driver.c ****     return 0;
 232:App/UserDrivers/oled_driver.c **** }
 904              		.loc 1 232 1 view .LVU200
 905 0006 7047     		bx	lr
 906              	.LVL110:
 907              	.L102:
 222:App/UserDrivers/oled_driver.c ****     if (offset > 63)
 908              		.loc 1 222 1 view .LVU201
 909 0008 10B5     		push	{r4, lr}
 910              	.LCFI20:
 911              		.cfi_def_cfa_offset 8
 912              		.cfi_offset 4, -8
 913              		.cfi_offset 14, -4
 914 000a 0446     		mov	r4, r0
 228:App/UserDrivers/oled_driver.c ****     Oled_WriteCmd(offset);
 915              		.loc 1 228 5 is_stmt 1 view .LVU202
 916 000c D320     		movs	r0, #211
 917              	.LVL111:
 228:App/UserDrivers/oled_driver.c ****     Oled_WriteCmd(offset);
 918              		.loc 1 228 5 is_stmt 0 view .LVU203
 919 000e FFF7FEFF 		bl	Oled_WriteCmd
 920              	.LVL112:
 229:App/UserDrivers/oled_driver.c **** 
 921              		.loc 1 229 5 is_stmt 1 view .LVU204
 922 0012 2046     		mov	r0, r4
 923 0014 FFF7FEFF 		bl	Oled_WriteCmd
 924              	.LVL113:
 231:App/UserDrivers/oled_driver.c **** }
 925              		.loc 1 231 5 view .LVU205
 231:App/UserDrivers/oled_driver.c **** }
 926              		.loc 1 231 12 is_stmt 0 view .LVU206
 927 0018 0020     		movs	r0, #0
 928              		.loc 1 232 1 view .LVU207
 929 001a 10BD     		pop	{r4, pc}
 930              		.cfi_endproc
 931              	.LFE82:
ARM GAS  C:\Users\ADMINI~1\AppData\Local\Temp\ccLbdFIk.s 			page 22


 933              		.section	.text.Oled_SetComPins,"ax",%progbits
 934              		.align	1
 935              		.global	Oled_SetComPins
 936              		.syntax unified
 937              		.thumb
 938              		.thumb_func
 940              	Oled_SetComPins:
 941              	.LVL114:
 942              	.LFB83:
 233:App/UserDrivers/oled_driver.c **** 
 234:App/UserDrivers/oled_driver.c **** uint32_t Oled_SetComPins(COM_PIN pin, COM_REMAP remap)
 235:App/UserDrivers/oled_driver.c **** {
 943              		.loc 1 235 1 is_stmt 1 view -0
 944              		.cfi_startproc
 945              		@ args = 0, pretend = 0, frame = 0
 946              		@ frame_needed = 0, uses_anonymous_args = 0
 236:App/UserDrivers/oled_driver.c ****     if ((pin > 1) || (remap > 1))
 947              		.loc 1 236 5 view .LVU209
 948              		.loc 1 236 8 is_stmt 0 view .LVU210
 949 0000 0128     		cmp	r0, #1
 950 0002 16D8     		bhi	.L105
 235:App/UserDrivers/oled_driver.c ****     if ((pin > 1) || (remap > 1))
 951              		.loc 1 235 1 discriminator 1 view .LVU211
 952 0004 38B5     		push	{r3, r4, r5, lr}
 953              	.LCFI21:
 954              		.cfi_def_cfa_offset 16
 955              		.cfi_offset 3, -16
 956              		.cfi_offset 4, -12
 957              		.cfi_offset 5, -8
 958              		.cfi_offset 14, -4
 959 0006 0446     		mov	r4, r0
 960 0008 0D46     		mov	r5, r1
 961              		.loc 1 236 19 discriminator 1 view .LVU212
 962 000a 0129     		cmp	r1, #1
 963 000c 01D9     		bls	.L111
 237:App/UserDrivers/oled_driver.c ****     {
 238:App/UserDrivers/oled_driver.c ****         return 1;
 964              		.loc 1 238 16 view .LVU213
 965 000e 0120     		movs	r0, #1
 966              	.LVL115:
 967              	.L103:
 239:App/UserDrivers/oled_driver.c ****     }
 240:App/UserDrivers/oled_driver.c ****     
 241:App/UserDrivers/oled_driver.c ****     Oled_WriteCmd(0xDA);
 242:App/UserDrivers/oled_driver.c ****     Oled_WriteCmd((0X02 + (pin << 4) + (remap << 5)));
 243:App/UserDrivers/oled_driver.c **** 
 244:App/UserDrivers/oled_driver.c ****     return 0;
 245:App/UserDrivers/oled_driver.c **** }
 968              		.loc 1 245 1 view .LVU214
 969 0010 38BD     		pop	{r3, r4, r5, pc}
 970              	.LVL116:
 971              	.L111:
 241:App/UserDrivers/oled_driver.c ****     Oled_WriteCmd((0X02 + (pin << 4) + (remap << 5)));
 972              		.loc 1 241 5 is_stmt 1 view .LVU215
 973 0012 DA20     		movs	r0, #218
 974              	.LVL117:
 241:App/UserDrivers/oled_driver.c ****     Oled_WriteCmd((0X02 + (pin << 4) + (remap << 5)));
ARM GAS  C:\Users\ADMINI~1\AppData\Local\Temp\ccLbdFIk.s 			page 23


 975              		.loc 1 241 5 is_stmt 0 view .LVU216
 976 0014 FFF7FEFF 		bl	Oled_WriteCmd
 977              	.LVL118:
 242:App/UserDrivers/oled_driver.c **** 
 978              		.loc 1 242 5 is_stmt 1 view .LVU217
 242:App/UserDrivers/oled_driver.c **** 
 979              		.loc 1 242 32 is_stmt 0 view .LVU218
 980 0018 2001     		lsls	r0, r4, #4
 981 001a C0B2     		uxtb	r0, r0
 242:App/UserDrivers/oled_driver.c **** 
 982              		.loc 1 242 47 view .LVU219
 983 001c 6901     		lsls	r1, r5, #5
 984 001e C9B2     		uxtb	r1, r1
 242:App/UserDrivers/oled_driver.c **** 
 985              		.loc 1 242 38 view .LVU220
 986 0020 0844     		add	r0, r0, r1
 987 0022 C0B2     		uxtb	r0, r0
 242:App/UserDrivers/oled_driver.c **** 
 988              		.loc 1 242 5 view .LVU221
 989 0024 0230     		adds	r0, r0, #2
 990 0026 00F0FE00 		and	r0, r0, #254
 991 002a FFF7FEFF 		bl	Oled_WriteCmd
 992              	.LVL119:
 244:App/UserDrivers/oled_driver.c **** }
 993              		.loc 1 244 5 is_stmt 1 view .LVU222
 244:App/UserDrivers/oled_driver.c **** }
 994              		.loc 1 244 12 is_stmt 0 view .LVU223
 995 002e 0020     		movs	r0, #0
 996 0030 EEE7     		b	.L103
 997              	.LVL120:
 998              	.L105:
 999              	.LCFI22:
 1000              		.cfi_def_cfa_offset 0
 1001              		.cfi_restore 3
 1002              		.cfi_restore 4
 1003              		.cfi_restore 5
 1004              		.cfi_restore 14
 238:App/UserDrivers/oled_driver.c ****     }
 1005              		.loc 1 238 16 view .LVU224
 1006 0032 0120     		movs	r0, #1
 1007              	.LVL121:
 1008              		.loc 1 245 1 view .LVU225
 1009 0034 7047     		bx	lr
 1010              		.cfi_endproc
 1011              	.LFE83:
 1013              		.section	.text.Oled_SetClockDivider,"ax",%progbits
 1014              		.align	1
 1015              		.global	Oled_SetClockDivider
 1016              		.syntax unified
 1017              		.thumb
 1018              		.thumb_func
 1020              	Oled_SetClockDivider:
 1021              	.LVL122:
 1022              	.LFB84:
 246:App/UserDrivers/oled_driver.c **** 
 247:App/UserDrivers/oled_driver.c **** /* clock command*/
 248:App/UserDrivers/oled_driver.c **** uint32_t Oled_SetClockDivider(uint8_t div, uint8_t freq)
ARM GAS  C:\Users\ADMINI~1\AppData\Local\Temp\ccLbdFIk.s 			page 24


 249:App/UserDrivers/oled_driver.c **** {
 1023              		.loc 1 249 1 is_stmt 1 view -0
 1024              		.cfi_startproc
 1025              		@ args = 0, pretend = 0, frame = 0
 1026              		@ frame_needed = 0, uses_anonymous_args = 0
 250:App/UserDrivers/oled_driver.c ****     if ((div > 0x0f) || (freq > 0x0f))
 1027              		.loc 1 250 5 view .LVU227
 1028              		.loc 1 250 8 is_stmt 0 view .LVU228
 1029 0000 0F28     		cmp	r0, #15
 1030 0002 11D8     		bhi	.L114
 249:App/UserDrivers/oled_driver.c ****     if ((div > 0x0f) || (freq > 0x0f))
 1031              		.loc 1 249 1 discriminator 1 view .LVU229
 1032 0004 38B5     		push	{r3, r4, r5, lr}
 1033              	.LCFI23:
 1034              		.cfi_def_cfa_offset 16
 1035              		.cfi_offset 3, -16
 1036              		.cfi_offset 4, -12
 1037              		.cfi_offset 5, -8
 1038              		.cfi_offset 14, -4
 1039 0006 0546     		mov	r5, r0
 1040 0008 0C46     		mov	r4, r1
 1041              		.loc 1 250 22 discriminator 1 view .LVU230
 1042 000a 0F29     		cmp	r1, #15
 1043 000c 01D9     		bls	.L120
 251:App/UserDrivers/oled_driver.c ****     {
 252:App/UserDrivers/oled_driver.c ****         return 1;
 1044              		.loc 1 252 16 view .LVU231
 1045 000e 0120     		movs	r0, #1
 1046              	.LVL123:
 1047              	.L112:
 253:App/UserDrivers/oled_driver.c ****     }
 254:App/UserDrivers/oled_driver.c **** 
 255:App/UserDrivers/oled_driver.c ****     Oled_WriteCmd(0xD5);
 256:App/UserDrivers/oled_driver.c ****     Oled_WriteCmd(div + (freq << 4));
 257:App/UserDrivers/oled_driver.c **** 
 258:App/UserDrivers/oled_driver.c ****     return 0;
 259:App/UserDrivers/oled_driver.c **** }
 1048              		.loc 1 259 1 view .LVU232
 1049 0010 38BD     		pop	{r3, r4, r5, pc}
 1050              	.LVL124:
 1051              	.L120:
 255:App/UserDrivers/oled_driver.c ****     Oled_WriteCmd(div + (freq << 4));
 1052              		.loc 1 255 5 is_stmt 1 view .LVU233
 1053 0012 D520     		movs	r0, #213
 1054              	.LVL125:
 255:App/UserDrivers/oled_driver.c ****     Oled_WriteCmd(div + (freq << 4));
 1055              		.loc 1 255 5 is_stmt 0 view .LVU234
 1056 0014 FFF7FEFF 		bl	Oled_WriteCmd
 1057              	.LVL126:
 256:App/UserDrivers/oled_driver.c **** 
 1058              		.loc 1 256 5 is_stmt 1 view .LVU235
 256:App/UserDrivers/oled_driver.c **** 
 1059              		.loc 1 256 31 is_stmt 0 view .LVU236
 1060 0018 2101     		lsls	r1, r4, #4
 1061 001a C9B2     		uxtb	r1, r1
 256:App/UserDrivers/oled_driver.c **** 
 1062              		.loc 1 256 5 view .LVU237
ARM GAS  C:\Users\ADMINI~1\AppData\Local\Temp\ccLbdFIk.s 			page 25


 1063 001c 4819     		adds	r0, r1, r5
 1064 001e C0B2     		uxtb	r0, r0
 1065 0020 FFF7FEFF 		bl	Oled_WriteCmd
 1066              	.LVL127:
 258:App/UserDrivers/oled_driver.c **** }
 1067              		.loc 1 258 5 is_stmt 1 view .LVU238
 258:App/UserDrivers/oled_driver.c **** }
 1068              		.loc 1 258 12 is_stmt 0 view .LVU239
 1069 0024 0020     		movs	r0, #0
 1070 0026 F3E7     		b	.L112
 1071              	.LVL128:
 1072              	.L114:
 1073              	.LCFI24:
 1074              		.cfi_def_cfa_offset 0
 1075              		.cfi_restore 3
 1076              		.cfi_restore 4
 1077              		.cfi_restore 5
 1078              		.cfi_restore 14
 252:App/UserDrivers/oled_driver.c ****     }
 1079              		.loc 1 252 16 view .LVU240
 1080 0028 0120     		movs	r0, #1
 1081              	.LVL129:
 1082              		.loc 1 259 1 view .LVU241
 1083 002a 7047     		bx	lr
 1084              		.cfi_endproc
 1085              	.LFE84:
 1087              		.section	.text.Oled_SetPreCharge,"ax",%progbits
 1088              		.align	1
 1089              		.global	Oled_SetPreCharge
 1090              		.syntax unified
 1091              		.thumb
 1092              		.thumb_func
 1094              	Oled_SetPreCharge:
 1095              	.LVL130:
 1096              	.LFB85:
 260:App/UserDrivers/oled_driver.c **** 
 261:App/UserDrivers/oled_driver.c **** uint32_t Oled_SetPreCharge(uint8_t phase1, uint8_t phase2)
 262:App/UserDrivers/oled_driver.c **** {
 1097              		.loc 1 262 1 is_stmt 1 view -0
 1098              		.cfi_startproc
 1099              		@ args = 0, pretend = 0, frame = 0
 1100              		@ frame_needed = 0, uses_anonymous_args = 0
 263:App/UserDrivers/oled_driver.c ****     if ((phase1 > 0x0f) || (phase2 > 0x0f))
 1101              		.loc 1 263 5 view .LVU243
 1102              		.loc 1 263 8 is_stmt 0 view .LVU244
 1103 0000 0F28     		cmp	r0, #15
 1104 0002 11D8     		bhi	.L123
 262:App/UserDrivers/oled_driver.c ****     if ((phase1 > 0x0f) || (phase2 > 0x0f))
 1105              		.loc 1 262 1 discriminator 1 view .LVU245
 1106 0004 38B5     		push	{r3, r4, r5, lr}
 1107              	.LCFI25:
 1108              		.cfi_def_cfa_offset 16
 1109              		.cfi_offset 3, -16
 1110              		.cfi_offset 4, -12
 1111              		.cfi_offset 5, -8
 1112              		.cfi_offset 14, -4
 1113 0006 0546     		mov	r5, r0
ARM GAS  C:\Users\ADMINI~1\AppData\Local\Temp\ccLbdFIk.s 			page 26


 1114 0008 0C46     		mov	r4, r1
 1115              		.loc 1 263 25 discriminator 1 view .LVU246
 1116 000a 0F29     		cmp	r1, #15
 1117 000c 01D9     		bls	.L129
 264:App/UserDrivers/oled_driver.c ****     {
 265:App/UserDrivers/oled_driver.c ****         return 1;
 1118              		.loc 1 265 16 view .LVU247
 1119 000e 0120     		movs	r0, #1
 1120              	.LVL131:
 1121              	.L121:
 266:App/UserDrivers/oled_driver.c ****     }
 267:App/UserDrivers/oled_driver.c **** 
 268:App/UserDrivers/oled_driver.c ****     Oled_WriteCmd(0xD9);
 269:App/UserDrivers/oled_driver.c ****     Oled_WriteCmd(phase1 + (phase2 << 4));
 270:App/UserDrivers/oled_driver.c **** 
 271:App/UserDrivers/oled_driver.c ****     return 0;
 272:App/UserDrivers/oled_driver.c **** }
 1122              		.loc 1 272 1 view .LVU248
 1123 0010 38BD     		pop	{r3, r4, r5, pc}
 1124              	.LVL132:
 1125              	.L129:
 268:App/UserDrivers/oled_driver.c ****     Oled_WriteCmd(phase1 + (phase2 << 4));
 1126              		.loc 1 268 5 is_stmt 1 view .LVU249
 1127 0012 D920     		movs	r0, #217
 1128              	.LVL133:
 268:App/UserDrivers/oled_driver.c ****     Oled_WriteCmd(phase1 + (phase2 << 4));
 1129              		.loc 1 268 5 is_stmt 0 view .LVU250
 1130 0014 FFF7FEFF 		bl	Oled_WriteCmd
 1131              	.LVL134:
 269:App/UserDrivers/oled_driver.c **** 
 1132              		.loc 1 269 5 is_stmt 1 view .LVU251
 269:App/UserDrivers/oled_driver.c **** 
 1133              		.loc 1 269 36 is_stmt 0 view .LVU252
 1134 0018 2101     		lsls	r1, r4, #4
 1135 001a C9B2     		uxtb	r1, r1
 269:App/UserDrivers/oled_driver.c **** 
 1136              		.loc 1 269 5 view .LVU253
 1137 001c 4819     		adds	r0, r1, r5
 1138 001e C0B2     		uxtb	r0, r0
 1139 0020 FFF7FEFF 		bl	Oled_WriteCmd
 1140              	.LVL135:
 271:App/UserDrivers/oled_driver.c **** }
 1141              		.loc 1 271 5 is_stmt 1 view .LVU254
 271:App/UserDrivers/oled_driver.c **** }
 1142              		.loc 1 271 12 is_stmt 0 view .LVU255
 1143 0024 0020     		movs	r0, #0
 1144 0026 F3E7     		b	.L121
 1145              	.LVL136:
 1146              	.L123:
 1147              	.LCFI26:
 1148              		.cfi_def_cfa_offset 0
 1149              		.cfi_restore 3
 1150              		.cfi_restore 4
 1151              		.cfi_restore 5
 1152              		.cfi_restore 14
 265:App/UserDrivers/oled_driver.c ****     }
 1153              		.loc 1 265 16 view .LVU256
ARM GAS  C:\Users\ADMINI~1\AppData\Local\Temp\ccLbdFIk.s 			page 27


 1154 0028 0120     		movs	r0, #1
 1155              	.LVL137:
 1156              		.loc 1 272 1 view .LVU257
 1157 002a 7047     		bx	lr
 1158              		.cfi_endproc
 1159              	.LFE85:
 1161              		.section	.text.Oled_SetVCOLevel,"ax",%progbits
 1162              		.align	1
 1163              		.global	Oled_SetVCOLevel
 1164              		.syntax unified
 1165              		.thumb
 1166              		.thumb_func
 1168              	Oled_SetVCOLevel:
 1169              	.LVL138:
 1170              	.LFB86:
 273:App/UserDrivers/oled_driver.c **** 
 274:App/UserDrivers/oled_driver.c **** uint32_t Oled_SetVCOLevel(VCOMH_LEVEL level)
 275:App/UserDrivers/oled_driver.c **** {
 1171              		.loc 1 275 1 is_stmt 1 view -0
 1172              		.cfi_startproc
 1173              		@ args = 0, pretend = 0, frame = 0
 1174              		@ frame_needed = 0, uses_anonymous_args = 0
 276:App/UserDrivers/oled_driver.c ****     if (level > 2)
 1175              		.loc 1 276 5 view .LVU259
 1176              		.loc 1 276 8 is_stmt 0 view .LVU260
 1177 0000 0228     		cmp	r0, #2
 1178 0002 01D9     		bls	.L137
 277:App/UserDrivers/oled_driver.c ****     {
 278:App/UserDrivers/oled_driver.c ****         return 1;
 1179              		.loc 1 278 16 view .LVU261
 1180 0004 0120     		movs	r0, #1
 1181              	.LVL139:
 279:App/UserDrivers/oled_driver.c ****     }
 280:App/UserDrivers/oled_driver.c **** 
 281:App/UserDrivers/oled_driver.c ****     Oled_WriteCmd(0xDB);
 282:App/UserDrivers/oled_driver.c ****     Oled_WriteCmd(level<< 4);
 283:App/UserDrivers/oled_driver.c **** 
 284:App/UserDrivers/oled_driver.c ****     return 0;
 285:App/UserDrivers/oled_driver.c **** }
 1182              		.loc 1 285 1 view .LVU262
 1183 0006 7047     		bx	lr
 1184              	.LVL140:
 1185              	.L137:
 275:App/UserDrivers/oled_driver.c ****     if (level > 2)
 1186              		.loc 1 275 1 view .LVU263
 1187 0008 10B5     		push	{r4, lr}
 1188              	.LCFI27:
 1189              		.cfi_def_cfa_offset 8
 1190              		.cfi_offset 4, -8
 1191              		.cfi_offset 14, -4
 1192 000a 0446     		mov	r4, r0
 281:App/UserDrivers/oled_driver.c ****     Oled_WriteCmd(level<< 4);
 1193              		.loc 1 281 5 is_stmt 1 view .LVU264
 1194 000c DB20     		movs	r0, #219
 1195              	.LVL141:
 281:App/UserDrivers/oled_driver.c ****     Oled_WriteCmd(level<< 4);
 1196              		.loc 1 281 5 is_stmt 0 view .LVU265
ARM GAS  C:\Users\ADMINI~1\AppData\Local\Temp\ccLbdFIk.s 			page 28


 1197 000e FFF7FEFF 		bl	Oled_WriteCmd
 1198              	.LVL142:
 282:App/UserDrivers/oled_driver.c **** 
 1199              		.loc 1 282 5 is_stmt 1 view .LVU266
 1200 0012 2001     		lsls	r0, r4, #4
 1201 0014 00F0F000 		and	r0, r0, #240
 1202 0018 FFF7FEFF 		bl	Oled_WriteCmd
 1203              	.LVL143:
 284:App/UserDrivers/oled_driver.c **** }
 1204              		.loc 1 284 5 view .LVU267
 284:App/UserDrivers/oled_driver.c **** }
 1205              		.loc 1 284 12 is_stmt 0 view .LVU268
 1206 001c 0020     		movs	r0, #0
 1207              		.loc 1 285 1 view .LVU269
 1208 001e 10BD     		pop	{r4, pc}
 1209              		.cfi_endproc
 1210              	.LFE86:
 1212              		.section	.text.Oled_SetChargePump,"ax",%progbits
 1213              		.align	1
 1214              		.global	Oled_SetChargePump
 1215              		.syntax unified
 1216              		.thumb
 1217              		.thumb_func
 1219              	Oled_SetChargePump:
 1220              	.LVL144:
 1221              	.LFB87:
 286:App/UserDrivers/oled_driver.c **** 
 287:App/UserDrivers/oled_driver.c **** /* charge pump command*/
 288:App/UserDrivers/oled_driver.c **** uint32_t Oled_SetChargePump(CHARGE_PUMP_STATE state)
 289:App/UserDrivers/oled_driver.c **** {
 1222              		.loc 1 289 1 is_stmt 1 view -0
 1223              		.cfi_startproc
 1224              		@ args = 0, pretend = 0, frame = 0
 1225              		@ frame_needed = 0, uses_anonymous_args = 0
 290:App/UserDrivers/oled_driver.c ****     if (state> 1)
 1226              		.loc 1 290 5 view .LVU271
 1227              		.loc 1 290 8 is_stmt 0 view .LVU272
 1228 0000 0128     		cmp	r0, #1
 1229 0002 01D9     		bls	.L145
 291:App/UserDrivers/oled_driver.c ****     {
 292:App/UserDrivers/oled_driver.c ****         return 1;
 1230              		.loc 1 292 16 view .LVU273
 1231 0004 0120     		movs	r0, #1
 1232              	.LVL145:
 293:App/UserDrivers/oled_driver.c ****     }
 294:App/UserDrivers/oled_driver.c **** 
 295:App/UserDrivers/oled_driver.c ****     Oled_WriteCmd(0x8D);
 296:App/UserDrivers/oled_driver.c ****     Oled_WriteCmd(0x10 + (state << 2));
 297:App/UserDrivers/oled_driver.c **** 
 298:App/UserDrivers/oled_driver.c ****     return 0;
 299:App/UserDrivers/oled_driver.c **** }
 1233              		.loc 1 299 1 view .LVU274
 1234 0006 7047     		bx	lr
 1235              	.LVL146:
 1236              	.L145:
 289:App/UserDrivers/oled_driver.c ****     if (state> 1)
 1237              		.loc 1 289 1 view .LVU275
ARM GAS  C:\Users\ADMINI~1\AppData\Local\Temp\ccLbdFIk.s 			page 29


 1238 0008 10B5     		push	{r4, lr}
 1239              	.LCFI28:
 1240              		.cfi_def_cfa_offset 8
 1241              		.cfi_offset 4, -8
 1242              		.cfi_offset 14, -4
 1243 000a 0446     		mov	r4, r0
 295:App/UserDrivers/oled_driver.c ****     Oled_WriteCmd(0x10 + (state << 2));
 1244              		.loc 1 295 5 is_stmt 1 view .LVU276
 1245 000c 8D20     		movs	r0, #141
 1246              	.LVL147:
 295:App/UserDrivers/oled_driver.c ****     Oled_WriteCmd(0x10 + (state << 2));
 1247              		.loc 1 295 5 is_stmt 0 view .LVU277
 1248 000e FFF7FEFF 		bl	Oled_WriteCmd
 1249              	.LVL148:
 296:App/UserDrivers/oled_driver.c **** 
 1250              		.loc 1 296 5 is_stmt 1 view .LVU278
 296:App/UserDrivers/oled_driver.c **** 
 1251              		.loc 1 296 33 is_stmt 0 view .LVU279
 1252 0012 A000     		lsls	r0, r4, #2
 1253 0014 C0B2     		uxtb	r0, r0
 296:App/UserDrivers/oled_driver.c **** 
 1254              		.loc 1 296 5 view .LVU280
 1255 0016 1030     		adds	r0, r0, #16
 1256 0018 00F0FC00 		and	r0, r0, #252
 1257 001c FFF7FEFF 		bl	Oled_WriteCmd
 1258              	.LVL149:
 298:App/UserDrivers/oled_driver.c **** }
 1259              		.loc 1 298 5 is_stmt 1 view .LVU281
 298:App/UserDrivers/oled_driver.c **** }
 1260              		.loc 1 298 12 is_stmt 0 view .LVU282
 1261 0020 0020     		movs	r0, #0
 1262              		.loc 1 299 1 view .LVU283
 1263 0022 10BD     		pop	{r4, pc}
 1264              		.cfi_endproc
 1265              	.LFE87:
 1267              		.section	.text.Oled_Init,"ax",%progbits
 1268              		.align	1
 1269              		.global	Oled_Init
 1270              		.syntax unified
 1271              		.thumb
 1272              		.thumb_func
 1274              	Oled_Init:
 1275              	.LFB88:
 300:App/UserDrivers/oled_driver.c **** 
 301:App/UserDrivers/oled_driver.c **** void Oled_Init(void)
 302:App/UserDrivers/oled_driver.c **** {
 1276              		.loc 1 302 1 is_stmt 1 view -0
 1277              		.cfi_startproc
 1278              		@ args = 0, pretend = 0, frame = 0
 1279              		@ frame_needed = 0, uses_anonymous_args = 0
 1280 0000 08B5     		push	{r3, lr}
 1281              	.LCFI29:
 1282              		.cfi_def_cfa_offset 8
 1283              		.cfi_offset 3, -8
 1284              		.cfi_offset 14, -4
 303:App/UserDrivers/oled_driver.c ****     Oled_SetAddressMode(PAGE_ADDRESSING_MODE);
 1285              		.loc 1 303 5 view .LVU285
ARM GAS  C:\Users\ADMINI~1\AppData\Local\Temp\ccLbdFIk.s 			page 30


 1286 0002 0220     		movs	r0, #2
 1287 0004 FFF7FEFF 		bl	Oled_SetAddressMode
 1288              	.LVL150:
 304:App/UserDrivers/oled_driver.c ****     Oled_SetMultiplexRatio(0x3F);
 1289              		.loc 1 304 5 view .LVU286
 1290 0008 3F20     		movs	r0, #63
 1291 000a FFF7FEFF 		bl	Oled_SetMultiplexRatio
 1292              	.LVL151:
 305:App/UserDrivers/oled_driver.c ****     Oled_SetDisplayOffset(0x00);
 1293              		.loc 1 305 5 view .LVU287
 1294 000e 0020     		movs	r0, #0
 1295 0010 FFF7FEFF 		bl	Oled_SetDisplayOffset
 1296              	.LVL152:
 306:App/UserDrivers/oled_driver.c ****     Oled_SetDisplayStartLine(0x00);
 1297              		.loc 1 306 5 view .LVU288
 1298 0014 0020     		movs	r0, #0
 1299 0016 FFF7FEFF 		bl	Oled_SetDisplayStartLine
 1300              	.LVL153:
 307:App/UserDrivers/oled_driver.c ****     OLED_SEG_NOREMAP;
 1301              		.loc 1 307 5 view .LVU289
 1302 001a A020     		movs	r0, #160
 1303 001c FFF7FEFF 		bl	Oled_WriteCmd
 1304              	.LVL154:
 308:App/UserDrivers/oled_driver.c ****     NORMAL_SCAN;
 1305              		.loc 1 308 5 view .LVU290
 1306 0020 C020     		movs	r0, #192
 1307 0022 FFF7FEFF 		bl	Oled_WriteCmd
 1308              	.LVL155:
 309:App/UserDrivers/oled_driver.c ****     Oled_SetComPins(0x00, 0x00);
 1309              		.loc 1 309 5 view .LVU291
 1310 0026 0021     		movs	r1, #0
 1311 0028 0846     		mov	r0, r1
 1312 002a FFF7FEFF 		bl	Oled_SetComPins
 1313              	.LVL156:
 310:App/UserDrivers/oled_driver.c ****     Oled_SetContrastValue(0x7F);
 1314              		.loc 1 310 5 view .LVU292
 1315 002e 7F20     		movs	r0, #127
 1316 0030 FFF7FEFF 		bl	Oled_SetContrastValue
 1317              	.LVL157:
 311:App/UserDrivers/oled_driver.c ****     ENTIRE_DISP_OFF;
 1318              		.loc 1 311 5 view .LVU293
 1319 0034 A420     		movs	r0, #164
 1320 0036 FFF7FEFF 		bl	Oled_WriteCmd
 1321              	.LVL158:
 312:App/UserDrivers/oled_driver.c ****     DIS_NORMAL;
 1322              		.loc 1 312 5 view .LVU294
 1323 003a A620     		movs	r0, #166
 1324 003c FFF7FEFF 		bl	Oled_WriteCmd
 1325              	.LVL159:
 313:App/UserDrivers/oled_driver.c ****     Oled_SetClockDivider(0x00, 0x08);
 1326              		.loc 1 313 5 view .LVU295
 1327 0040 0821     		movs	r1, #8
 1328 0042 0020     		movs	r0, #0
 1329 0044 FFF7FEFF 		bl	Oled_SetClockDivider
 1330              	.LVL160:
 314:App/UserDrivers/oled_driver.c ****     Oled_SetChargePump(PUMP_ENABLE);
 1331              		.loc 1 314 5 view .LVU296
ARM GAS  C:\Users\ADMINI~1\AppData\Local\Temp\ccLbdFIk.s 			page 31


 1332 0048 0120     		movs	r0, #1
 1333 004a FFF7FEFF 		bl	Oled_SetChargePump
 1334              	.LVL161:
 315:App/UserDrivers/oled_driver.c ****     DIS_ON;
 1335              		.loc 1 315 5 view .LVU297
 1336 004e AF20     		movs	r0, #175
 1337 0050 FFF7FEFF 		bl	Oled_WriteCmd
 1338              	.LVL162:
 316:App/UserDrivers/oled_driver.c **** }
 1339              		.loc 1 316 1 is_stmt 0 view .LVU298
 1340 0054 08BD     		pop	{r3, pc}
 1341              		.cfi_endproc
 1342              	.LFE88:
 1344              		.section	.text.Oled_SetPosition,"ax",%progbits
 1345              		.align	1
 1346              		.global	Oled_SetPosition
 1347              		.syntax unified
 1348              		.thumb
 1349              		.thumb_func
 1351              	Oled_SetPosition:
 1352              	.LVL163:
 1353              	.LFB89:
 317:App/UserDrivers/oled_driver.c **** 
 318:App/UserDrivers/oled_driver.c **** /* fundamental driver */
 319:App/UserDrivers/oled_driver.c **** void Oled_SetPosition(uint8_t page, uint8_t col)
 320:App/UserDrivers/oled_driver.c **** {
 1354              		.loc 1 320 1 is_stmt 1 view -0
 1355              		.cfi_startproc
 1356              		@ args = 0, pretend = 0, frame = 0
 1357              		@ frame_needed = 0, uses_anonymous_args = 0
 1358              		.loc 1 320 1 is_stmt 0 view .LVU300
 1359 0000 10B5     		push	{r4, lr}
 1360              	.LCFI30:
 1361              		.cfi_def_cfa_offset 8
 1362              		.cfi_offset 4, -8
 1363              		.cfi_offset 14, -4
 1364 0002 0C46     		mov	r4, r1
 321:App/UserDrivers/oled_driver.c ****     Oled_SetPageAddr_Page(page);
 1365              		.loc 1 321 5 is_stmt 1 view .LVU301
 1366 0004 FFF7FEFF 		bl	Oled_SetPageAddr_Page
 1367              	.LVL164:
 322:App/UserDrivers/oled_driver.c ****     Oled_SetColAddr_Page(col);
 1368              		.loc 1 322 5 view .LVU302
 1369 0008 2046     		mov	r0, r4
 1370 000a FFF7FEFF 		bl	Oled_SetColAddr_Page
 1371              	.LVL165:
 323:App/UserDrivers/oled_driver.c **** }
 1372              		.loc 1 323 1 is_stmt 0 view .LVU303
 1373 000e 10BD     		pop	{r4, pc}
 1374              		.cfi_endproc
 1375              	.LFE89:
 1377              		.section	.text.OLED_SetCursor,"ax",%progbits
 1378              		.align	1
 1379              		.global	OLED_SetCursor
 1380              		.syntax unified
 1381              		.thumb
 1382              		.thumb_func
ARM GAS  C:\Users\ADMINI~1\AppData\Local\Temp\ccLbdFIk.s 			page 32


 1384              	OLED_SetCursor:
 1385              	.LVL166:
 1386              	.LFB90:
 324:App/UserDrivers/oled_driver.c **** 
 325:App/UserDrivers/oled_driver.c **** 
 326:App/UserDrivers/oled_driver.c **** void OLED_SetCursor(uint8_t Y, uint8_t X)
 327:App/UserDrivers/oled_driver.c **** {
 1387              		.loc 1 327 1 is_stmt 1 view -0
 1388              		.cfi_startproc
 1389              		@ args = 0, pretend = 0, frame = 0
 1390              		@ frame_needed = 0, uses_anonymous_args = 0
 1391              		.loc 1 327 1 is_stmt 0 view .LVU305
 1392 0000 10B5     		push	{r4, lr}
 1393              	.LCFI31:
 1394              		.cfi_def_cfa_offset 8
 1395              		.cfi_offset 4, -8
 1396              		.cfi_offset 14, -4
 1397 0002 0C46     		mov	r4, r1
 328:App/UserDrivers/oled_driver.c **** 	Oled_WriteCmd(0xB0 | Y);					//Y
 1398              		.loc 1 328 2 is_stmt 1 view .LVU306
 1399 0004 40F0B000 		orr	r0, r0, #176
 1400              	.LVL167:
 1401              		.loc 1 328 2 is_stmt 0 view .LVU307
 1402 0008 FFF7FEFF 		bl	Oled_WriteCmd
 1403              	.LVL168:
 329:App/UserDrivers/oled_driver.c **** 	Oled_WriteCmd(0x10 | ((X & 0xF0) >> 4));	//X4
 1404              		.loc 1 329 2 is_stmt 1 view .LVU308
 1405              		.loc 1 329 35 is_stmt 0 view .LVU309
 1406 000c 2009     		lsrs	r0, r4, #4
 1407              		.loc 1 329 2 view .LVU310
 1408 000e 40F01000 		orr	r0, r0, #16
 1409 0012 FFF7FEFF 		bl	Oled_WriteCmd
 1410              	.LVL169:
 330:App/UserDrivers/oled_driver.c **** 	Oled_WriteCmd(0x00 | (X & 0x0F));			//X4
 1411              		.loc 1 330 2 is_stmt 1 view .LVU311
 1412 0016 04F00F00 		and	r0, r4, #15
 1413 001a FFF7FEFF 		bl	Oled_WriteCmd
 1414              	.LVL170:
 331:App/UserDrivers/oled_driver.c **** }
 1415              		.loc 1 331 1 is_stmt 0 view .LVU312
 1416 001e 10BD     		pop	{r4, pc}
 1417              		.cfi_endproc
 1418              	.LFE90:
 1420              		.section	.text.OLED_Clear,"ax",%progbits
 1421              		.align	1
 1422              		.global	OLED_Clear
 1423              		.syntax unified
 1424              		.thumb
 1425              		.thumb_func
 1427              	OLED_Clear:
 1428              	.LFB91:
 332:App/UserDrivers/oled_driver.c ****  
 333:App/UserDrivers/oled_driver.c **** void OLED_Clear(void)
 334:App/UserDrivers/oled_driver.c **** {  
 1429              		.loc 1 334 1 is_stmt 1 view -0
 1430              		.cfi_startproc
 1431              		@ args = 0, pretend = 0, frame = 0
ARM GAS  C:\Users\ADMINI~1\AppData\Local\Temp\ccLbdFIk.s 			page 33


 1432              		@ frame_needed = 0, uses_anonymous_args = 0
 1433 0000 38B5     		push	{r3, r4, r5, lr}
 1434              	.LCFI32:
 1435              		.cfi_def_cfa_offset 16
 1436              		.cfi_offset 3, -16
 1437              		.cfi_offset 4, -12
 1438              		.cfi_offset 5, -8
 1439              		.cfi_offset 14, -4
 335:App/UserDrivers/oled_driver.c **** 	uint8_t i, j;
 1440              		.loc 1 335 2 view .LVU314
 336:App/UserDrivers/oled_driver.c **** 	for (j = 0; j < 8; j++)
 1441              		.loc 1 336 2 view .LVU315
 1442              	.LVL171:
 1443              		.loc 1 336 9 is_stmt 0 view .LVU316
 1444 0002 0025     		movs	r5, #0
 1445              		.loc 1 336 2 view .LVU317
 1446 0004 09E0     		b	.L153
 1447              	.LVL172:
 1448              	.L155:
 337:App/UserDrivers/oled_driver.c **** 	{
 338:App/UserDrivers/oled_driver.c **** 		OLED_SetCursor(j, 0);
 339:App/UserDrivers/oled_driver.c **** 		for(i = 0; i < 128; i++)
 340:App/UserDrivers/oled_driver.c **** 		{
 341:App/UserDrivers/oled_driver.c **** 			Oled_WriteData(0x00);
 1449              		.loc 1 341 4 is_stmt 1 discriminator 3 view .LVU318
 1450 0006 0020     		movs	r0, #0
 1451 0008 FFF7FEFF 		bl	Oled_WriteData
 1452              	.LVL173:
 339:App/UserDrivers/oled_driver.c **** 		{
 1453              		.loc 1 339 23 discriminator 3 view .LVU319
 339:App/UserDrivers/oled_driver.c **** 		{
 1454              		.loc 1 339 24 is_stmt 0 discriminator 3 view .LVU320
 1455 000c 0134     		adds	r4, r4, #1
 1456              	.LVL174:
 339:App/UserDrivers/oled_driver.c **** 		{
 1457              		.loc 1 339 24 discriminator 3 view .LVU321
 1458 000e E4B2     		uxtb	r4, r4
 1459              	.LVL175:
 1460              	.L154:
 339:App/UserDrivers/oled_driver.c **** 		{
 1461              		.loc 1 339 14 is_stmt 1 discriminator 1 view .LVU322
 339:App/UserDrivers/oled_driver.c **** 		{
 1462              		.loc 1 339 3 is_stmt 0 discriminator 1 view .LVU323
 1463 0010 14F0800F 		tst	r4, #128
 1464 0014 F7D0     		beq	.L155
 336:App/UserDrivers/oled_driver.c **** 	for (j = 0; j < 8; j++)
 1465              		.loc 1 336 21 is_stmt 1 discriminator 2 view .LVU324
 336:App/UserDrivers/oled_driver.c **** 	for (j = 0; j < 8; j++)
 1466              		.loc 1 336 22 is_stmt 0 discriminator 2 view .LVU325
 1467 0016 0135     		adds	r5, r5, #1
 1468              	.LVL176:
 336:App/UserDrivers/oled_driver.c **** 	for (j = 0; j < 8; j++)
 1469              		.loc 1 336 22 discriminator 2 view .LVU326
 1470 0018 EDB2     		uxtb	r5, r5
 1471              	.LVL177:
 1472              	.L153:
 336:App/UserDrivers/oled_driver.c **** 	for (j = 0; j < 8; j++)
ARM GAS  C:\Users\ADMINI~1\AppData\Local\Temp\ccLbdFIk.s 			page 34


 1473              		.loc 1 336 14 is_stmt 1 discriminator 1 view .LVU327
 336:App/UserDrivers/oled_driver.c **** 	for (j = 0; j < 8; j++)
 1474              		.loc 1 336 2 is_stmt 0 discriminator 1 view .LVU328
 1475 001a 072D     		cmp	r5, #7
 1476 001c 05D8     		bhi	.L158
 338:App/UserDrivers/oled_driver.c **** 		for(i = 0; i < 128; i++)
 1477              		.loc 1 338 3 is_stmt 1 view .LVU329
 1478 001e 0021     		movs	r1, #0
 1479 0020 2846     		mov	r0, r5
 1480 0022 FFF7FEFF 		bl	OLED_SetCursor
 1481              	.LVL178:
 339:App/UserDrivers/oled_driver.c **** 		{
 1482              		.loc 1 339 3 view .LVU330
 339:App/UserDrivers/oled_driver.c **** 		{
 1483              		.loc 1 339 9 is_stmt 0 view .LVU331
 1484 0026 0024     		movs	r4, #0
 339:App/UserDrivers/oled_driver.c **** 		{
 1485              		.loc 1 339 3 view .LVU332
 1486 0028 F2E7     		b	.L154
 1487              	.LVL179:
 1488              	.L158:
 342:App/UserDrivers/oled_driver.c **** 		}
 343:App/UserDrivers/oled_driver.c **** 	}
 344:App/UserDrivers/oled_driver.c **** }
 1489              		.loc 1 344 1 view .LVU333
 1490 002a 38BD     		pop	{r3, r4, r5, pc}
 1491              		.loc 1 344 1 view .LVU334
 1492              		.cfi_endproc
 1493              	.LFE91:
 1495              		.text
 1496              	.Letext0:
 1497              		.file 2 "c:\\env\\embeddedtoolchain\\xpack-arm-none-eabi-gcc-10.3.1-2.3\\arm-none-eabi\\include\\m
 1498              		.file 3 "c:\\env\\embeddedtoolchain\\xpack-arm-none-eabi-gcc-10.3.1-2.3\\arm-none-eabi\\include\\s
 1499              		.file 4 "App/UserDrivers/oled_driver.h"
 1500              		.file 5 "App/UserDrivers/iic_driver.h"
ARM GAS  C:\Users\ADMINI~1\AppData\Local\Temp\ccLbdFIk.s 			page 35


DEFINED SYMBOLS
                            *ABS*:0000000000000000 oled_driver.c
C:\Users\ADMINI~1\AppData\Local\Temp\ccLbdFIk.s:18     .text.Oled_WriteCmd:0000000000000000 $t
C:\Users\ADMINI~1\AppData\Local\Temp\ccLbdFIk.s:24     .text.Oled_WriteCmd:0000000000000000 Oled_WriteCmd
C:\Users\ADMINI~1\AppData\Local\Temp\ccLbdFIk.s:63     .text.Oled_WriteData:0000000000000000 $t
C:\Users\ADMINI~1\AppData\Local\Temp\ccLbdFIk.s:69     .text.Oled_WriteData:0000000000000000 Oled_WriteData
C:\Users\ADMINI~1\AppData\Local\Temp\ccLbdFIk.s:107    .text.Oled_WriteNByteData:0000000000000000 $t
C:\Users\ADMINI~1\AppData\Local\Temp\ccLbdFIk.s:113    .text.Oled_WriteNByteData:0000000000000000 Oled_WriteNByteData
C:\Users\ADMINI~1\AppData\Local\Temp\ccLbdFIk.s:195    .text.Oled_SetContrastValue:0000000000000000 $t
C:\Users\ADMINI~1\AppData\Local\Temp\ccLbdFIk.s:201    .text.Oled_SetContrastValue:0000000000000000 Oled_SetContrastValue
C:\Users\ADMINI~1\AppData\Local\Temp\ccLbdFIk.s:231    .text.Oled_H_Scroll:0000000000000000 $t
C:\Users\ADMINI~1\AppData\Local\Temp\ccLbdFIk.s:237    .text.Oled_H_Scroll:0000000000000000 Oled_H_Scroll
C:\Users\ADMINI~1\AppData\Local\Temp\ccLbdFIk.s:356    .text.Oled_HV_Scroll:0000000000000000 $t
C:\Users\ADMINI~1\AppData\Local\Temp\ccLbdFIk.s:362    .text.Oled_HV_Scroll:0000000000000000 Oled_HV_Scroll
C:\Users\ADMINI~1\AppData\Local\Temp\ccLbdFIk.s:478    .text.Oled_V_Scroll:0000000000000000 $t
C:\Users\ADMINI~1\AppData\Local\Temp\ccLbdFIk.s:484    .text.Oled_V_Scroll:0000000000000000 Oled_V_Scroll
C:\Users\ADMINI~1\AppData\Local\Temp\ccLbdFIk.s:544    .text.Oled_SetColAddr_Page:0000000000000000 $t
C:\Users\ADMINI~1\AppData\Local\Temp\ccLbdFIk.s:550    .text.Oled_SetColAddr_Page:0000000000000000 Oled_SetColAddr_Page
C:\Users\ADMINI~1\AppData\Local\Temp\ccLbdFIk.s:600    .text.Oled_SetAddressMode:0000000000000000 $t
C:\Users\ADMINI~1\AppData\Local\Temp\ccLbdFIk.s:606    .text.Oled_SetAddressMode:0000000000000000 Oled_SetAddressMode
C:\Users\ADMINI~1\AppData\Local\Temp\ccLbdFIk.s:642    .text.Oled_SetColAddr_HV:0000000000000000 $t
C:\Users\ADMINI~1\AppData\Local\Temp\ccLbdFIk.s:648    .text.Oled_SetColAddr_HV:0000000000000000 Oled_SetColAddr_HV
C:\Users\ADMINI~1\AppData\Local\Temp\ccLbdFIk.s:666    .text.Oled_SetPageAddr_HV:0000000000000000 $t
C:\Users\ADMINI~1\AppData\Local\Temp\ccLbdFIk.s:672    .text.Oled_SetPageAddr_HV:0000000000000000 Oled_SetPageAddr_HV
C:\Users\ADMINI~1\AppData\Local\Temp\ccLbdFIk.s:739    .text.Oled_SetPageAddr_Page:0000000000000000 $t
C:\Users\ADMINI~1\AppData\Local\Temp\ccLbdFIk.s:745    .text.Oled_SetPageAddr_Page:0000000000000000 Oled_SetPageAddr_Page
C:\Users\ADMINI~1\AppData\Local\Temp\ccLbdFIk.s:785    .text.Oled_SetDisplayStartLine:0000000000000000 $t
C:\Users\ADMINI~1\AppData\Local\Temp\ccLbdFIk.s:791    .text.Oled_SetDisplayStartLine:0000000000000000 Oled_SetDisplayStartLine
C:\Users\ADMINI~1\AppData\Local\Temp\ccLbdFIk.s:831    .text.Oled_SetMultiplexRatio:0000000000000000 $t
C:\Users\ADMINI~1\AppData\Local\Temp\ccLbdFIk.s:837    .text.Oled_SetMultiplexRatio:0000000000000000 Oled_SetMultiplexRatio
C:\Users\ADMINI~1\AppData\Local\Temp\ccLbdFIk.s:884    .text.Oled_SetDisplayOffset:0000000000000000 $t
C:\Users\ADMINI~1\AppData\Local\Temp\ccLbdFIk.s:890    .text.Oled_SetDisplayOffset:0000000000000000 Oled_SetDisplayOffset
C:\Users\ADMINI~1\AppData\Local\Temp\ccLbdFIk.s:934    .text.Oled_SetComPins:0000000000000000 $t
C:\Users\ADMINI~1\AppData\Local\Temp\ccLbdFIk.s:940    .text.Oled_SetComPins:0000000000000000 Oled_SetComPins
C:\Users\ADMINI~1\AppData\Local\Temp\ccLbdFIk.s:1014   .text.Oled_SetClockDivider:0000000000000000 $t
C:\Users\ADMINI~1\AppData\Local\Temp\ccLbdFIk.s:1020   .text.Oled_SetClockDivider:0000000000000000 Oled_SetClockDivider
C:\Users\ADMINI~1\AppData\Local\Temp\ccLbdFIk.s:1088   .text.Oled_SetPreCharge:0000000000000000 $t
C:\Users\ADMINI~1\AppData\Local\Temp\ccLbdFIk.s:1094   .text.Oled_SetPreCharge:0000000000000000 Oled_SetPreCharge
C:\Users\ADMINI~1\AppData\Local\Temp\ccLbdFIk.s:1162   .text.Oled_SetVCOLevel:0000000000000000 $t
C:\Users\ADMINI~1\AppData\Local\Temp\ccLbdFIk.s:1168   .text.Oled_SetVCOLevel:0000000000000000 Oled_SetVCOLevel
C:\Users\ADMINI~1\AppData\Local\Temp\ccLbdFIk.s:1213   .text.Oled_SetChargePump:0000000000000000 $t
C:\Users\ADMINI~1\AppData\Local\Temp\ccLbdFIk.s:1219   .text.Oled_SetChargePump:0000000000000000 Oled_SetChargePump
C:\Users\ADMINI~1\AppData\Local\Temp\ccLbdFIk.s:1268   .text.Oled_Init:0000000000000000 $t
C:\Users\ADMINI~1\AppData\Local\Temp\ccLbdFIk.s:1274   .text.Oled_Init:0000000000000000 Oled_Init
C:\Users\ADMINI~1\AppData\Local\Temp\ccLbdFIk.s:1345   .text.Oled_SetPosition:0000000000000000 $t
C:\Users\ADMINI~1\AppData\Local\Temp\ccLbdFIk.s:1351   .text.Oled_SetPosition:0000000000000000 Oled_SetPosition
C:\Users\ADMINI~1\AppData\Local\Temp\ccLbdFIk.s:1378   .text.OLED_SetCursor:0000000000000000 $t
C:\Users\ADMINI~1\AppData\Local\Temp\ccLbdFIk.s:1384   .text.OLED_SetCursor:0000000000000000 OLED_SetCursor
C:\Users\ADMINI~1\AppData\Local\Temp\ccLbdFIk.s:1421   .text.OLED_Clear:0000000000000000 $t
C:\Users\ADMINI~1\AppData\Local\Temp\ccLbdFIk.s:1427   .text.OLED_Clear:0000000000000000 OLED_Clear

UNDEFINED SYMBOLS
IIC_Start
IIC_WriteByteData
IIC_Stop
